CRITICAL - 2022-01-27 05:26:25 --> syntax error, unexpected '++' (T_INC), expecting variable (T_VARIABLE) or '{' or '$'
#0 /app/myapp/system/Router/Router.php(175): CodeIgniter\Router\Router->autoRoute()
#1 /app/myapp/system/CodeIgniter.php(719): CodeIgniter\Router\Router->handle()
#2 /app/myapp/system/CodeIgniter.php(361): CodeIgniter\CodeIgniter->tryToRouteIt()
#3 /app/myapp/system/CodeIgniter.php(320): CodeIgniter\CodeIgniter->handleRequest()
#4 /app/myapp/public/index.php(37): CodeIgniter\CodeIgniter->run()
#5 {main}
CRITICAL - 2022-01-27 05:26:43 --> syntax error, unexpected '++' (T_INC), expecting variable (T_VARIABLE) or '{' or '$'
#0 /app/myapp/system/Router/Router.php(175): CodeIgniter\Router\Router->autoRoute()
#1 /app/myapp/system/CodeIgniter.php(719): CodeIgniter\Router\Router->handle()
#2 /app/myapp/system/CodeIgniter.php(361): CodeIgniter\CodeIgniter->tryToRouteIt()
#3 /app/myapp/system/CodeIgniter.php(320): CodeIgniter\CodeIgniter->handleRequest()
#4 /app/myapp/public/index.php(37): CodeIgniter\CodeIgniter->run()
#5 {main}
CRITICAL - 2022-01-27 05:26:59 --> syntax error, unexpected 'var_dump' (T_STRING), expecting function (T_FUNCTION) or const (T_CONST)
#0 /app/myapp/system/Router/Router.php(175): CodeIgniter\Router\Router->autoRoute()
#1 /app/myapp/system/CodeIgniter.php(719): CodeIgniter\Router\Router->handle()
#2 /app/myapp/system/CodeIgniter.php(361): CodeIgniter\CodeIgniter->tryToRouteIt()
#3 /app/myapp/system/CodeIgniter.php(320): CodeIgniter\CodeIgniter->handleRequest()
#4 /app/myapp/public/index.php(37): CodeIgniter\CodeIgniter->run()
#5 {main}
CRITICAL - 2022-01-27 05:30:55 --> Illegal offset type
#0 /app/myapp/app/Controllers/Carrinho.php(33): CodeIgniter\Debug\Exceptions->errorHandler()
#1 /app/myapp/system/CodeIgniter.php(825): App\Controllers\Carrinho->add()
#2 /app/myapp/system/CodeIgniter.php(412): CodeIgniter\CodeIgniter->runController()
#3 /app/myapp/system/CodeIgniter.php(320): CodeIgniter\CodeIgniter->handleRequest()
#4 /app/myapp/public/index.php(37): CodeIgniter\CodeIgniter->run()
#5 {main}
CRITICAL - 2022-01-27 05:32:50 --> Illegal offset type
#0 /app/myapp/app/Controllers/Carrinho.php(33): CodeIgniter\Debug\Exceptions->errorHandler()
#1 /app/myapp/system/CodeIgniter.php(825): App\Controllers\Carrinho->add()
#2 /app/myapp/system/CodeIgniter.php(412): CodeIgniter\CodeIgniter->runController()
#3 /app/myapp/system/CodeIgniter.php(320): CodeIgniter\CodeIgniter->handleRequest()
#4 /app/myapp/public/index.php(37): CodeIgniter\CodeIgniter->run()
#5 {main}
CRITICAL - 2022-01-27 05:33:02 --> Illegal offset type
#0 /app/myapp/app/Controllers/Carrinho.php(33): CodeIgniter\Debug\Exceptions->errorHandler()
#1 /app/myapp/system/CodeIgniter.php(825): App\Controllers\Carrinho->add()
#2 /app/myapp/system/CodeIgniter.php(412): CodeIgniter\CodeIgniter->runController()
#3 /app/myapp/system/CodeIgniter.php(320): CodeIgniter\CodeIgniter->handleRequest()
#4 /app/myapp/public/index.php(37): CodeIgniter\CodeIgniter->run()
#5 {main}
CRITICAL - 2022-01-27 05:40:39 --> Invalid argument supplied for foreach()
#0 /app/myapp/app/Controllers/Carrinho.php(20): CodeIgniter\Debug\Exceptions->errorHandler()
#1 /app/myapp/system/CodeIgniter.php(825): App\Controllers\Carrinho->mini_cart()
#2 /app/myapp/system/CodeIgniter.php(412): CodeIgniter\CodeIgniter->runController()
#3 /app/myapp/system/CodeIgniter.php(320): CodeIgniter\CodeIgniter->handleRequest()
#4 /app/myapp/public/index.php(37): CodeIgniter\CodeIgniter->run()
#5 {main}
CRITICAL - 2022-01-27 05:41:08 --> Invalid argument supplied for foreach()
#0 /app/myapp/app/Controllers/Carrinho.php(20): CodeIgniter\Debug\Exceptions->errorHandler()
#1 /app/myapp/system/CodeIgniter.php(825): App\Controllers\Carrinho->mini_cart()
#2 /app/myapp/system/CodeIgniter.php(412): CodeIgniter\CodeIgniter->runController()
#3 /app/myapp/system/CodeIgniter.php(320): CodeIgniter\CodeIgniter->handleRequest()
#4 /app/myapp/public/index.php(37): CodeIgniter\CodeIgniter->run()
#5 {main}
CRITICAL - 2022-01-27 05:41:12 --> Invalid argument supplied for foreach()
#0 /app/myapp/app/Controllers/Carrinho.php(20): CodeIgniter\Debug\Exceptions->errorHandler()
#1 /app/myapp/system/CodeIgniter.php(825): App\Controllers\Carrinho->mini_cart()
#2 /app/myapp/system/CodeIgniter.php(412): CodeIgniter\CodeIgniter->runController()
#3 /app/myapp/system/CodeIgniter.php(320): CodeIgniter\CodeIgniter->handleRequest()
#4 /app/myapp/public/index.php(37): CodeIgniter\CodeIgniter->run()
#5 {main}
CRITICAL - 2022-01-27 05:55:29 --> Call to a member function where() on null
#0 /app/myapp/system/CodeIgniter.php(825): App\Controllers\Carrinho->mini_cart()
#1 /app/myapp/system/CodeIgniter.php(412): CodeIgniter\CodeIgniter->runController()
#2 /app/myapp/system/CodeIgniter.php(320): CodeIgniter\CodeIgniter->handleRequest()
#3 /app/myapp/public/index.php(37): CodeIgniter\CodeIgniter->run()
#4 {main}
CRITICAL - 2022-01-27 06:18:39 --> count(): Parameter must be an array or an object that implements Countable
#0 [internal function]: CodeIgniter\Debug\Exceptions->errorHandler()
#1 /app/myapp/app/Controllers/Carrinho.php(16): count()
#2 /app/myapp/system/CodeIgniter.php(825): App\Controllers\Carrinho->cont()
#3 /app/myapp/system/CodeIgniter.php(412): CodeIgniter\CodeIgniter->runController()
#4 /app/myapp/system/CodeIgniter.php(320): CodeIgniter\CodeIgniter->handleRequest()
#5 /app/myapp/public/index.php(37): CodeIgniter\CodeIgniter->run()
#6 {main}
CRITICAL - 2022-01-27 06:32:11 --> syntax error, unexpected 'preco_total' (T_STRING), expecting ';' or ','
#0 /app/myapp/system/View/View.php(213): CodeIgniter\View\View->CodeIgniter\View\{closure}()
#1 /app/myapp/system/Common.php(1089): CodeIgniter\View\View->render()
#2 /app/myapp/app/Controllers/Carrinho.php(58): view()
#3 /app/myapp/system/CodeIgniter.php(825): App\Controllers\Carrinho->mini_cart()
#4 /app/myapp/system/CodeIgniter.php(412): CodeIgniter\CodeIgniter->runController()
#5 /app/myapp/system/CodeIgniter.php(320): CodeIgniter\CodeIgniter->handleRequest()
#6 /app/myapp/public/index.php(37): CodeIgniter\CodeIgniter->run()
#7 {main}
CRITICAL - 2022-01-27 06:32:47 --> syntax error, unexpected 'preco_total' (T_STRING), expecting ';' or ','
#0 /app/myapp/system/View/View.php(213): CodeIgniter\View\View->CodeIgniter\View\{closure}()
#1 /app/myapp/system/Common.php(1089): CodeIgniter\View\View->render()
#2 /app/myapp/app/Controllers/Carrinho.php(58): view()
#3 /app/myapp/system/CodeIgniter.php(825): App\Controllers\Carrinho->mini_cart()
#4 /app/myapp/system/CodeIgniter.php(412): CodeIgniter\CodeIgniter->runController()
#5 /app/myapp/system/CodeIgniter.php(320): CodeIgniter\CodeIgniter->handleRequest()
#6 /app/myapp/public/index.php(37): CodeIgniter\CodeIgniter->run()
#7 {main}
CRITICAL - 2022-01-27 06:43:40 --> Invalid argument supplied for foreach()
#0 /app/myapp/app/Controllers/Carrinho.php(33): CodeIgniter\Debug\Exceptions->errorHandler()
#1 /app/myapp/system/CodeIgniter.php(825): App\Controllers\Carrinho->mini_cart()
#2 /app/myapp/system/CodeIgniter.php(412): CodeIgniter\CodeIgniter->runController()
#3 /app/myapp/system/CodeIgniter.php(320): CodeIgniter\CodeIgniter->handleRequest()
#4 /app/myapp/public/index.php(37): CodeIgniter\CodeIgniter->run()
#5 {main}
CRITICAL - 2022-01-27 06:43:41 --> count(): Parameter must be an array or an object that implements Countable
#0 [internal function]: CodeIgniter\Debug\Exceptions->errorHandler()
#1 /app/myapp/app/Controllers/Carrinho.php(22): count()
#2 /app/myapp/system/CodeIgniter.php(825): App\Controllers\Carrinho->count()
#3 /app/myapp/system/CodeIgniter.php(412): CodeIgniter\CodeIgniter->runController()
#4 /app/myapp/system/CodeIgniter.php(320): CodeIgniter\CodeIgniter->handleRequest()
#5 /app/myapp/public/index.php(37): CodeIgniter\CodeIgniter->run()
#6 {main}
CRITICAL - 2022-01-27 06:44:11 --> Invalid argument supplied for foreach()
#0 /app/myapp/app/Controllers/Carrinho.php(33): CodeIgniter\Debug\Exceptions->errorHandler()
#1 /app/myapp/system/CodeIgniter.php(825): App\Controllers\Carrinho->mini_cart()
#2 /app/myapp/system/CodeIgniter.php(412): CodeIgniter\CodeIgniter->runController()
#3 /app/myapp/system/CodeIgniter.php(320): CodeIgniter\CodeIgniter->handleRequest()
#4 /app/myapp/public/index.php(37): CodeIgniter\CodeIgniter->run()
#5 {main}
CRITICAL - 2022-01-27 06:44:12 --> count(): Parameter must be an array or an object that implements Countable
#0 [internal function]: CodeIgniter\Debug\Exceptions->errorHandler()
#1 /app/myapp/app/Controllers/Carrinho.php(22): count()
#2 /app/myapp/system/CodeIgniter.php(825): App\Controllers\Carrinho->count()
#3 /app/myapp/system/CodeIgniter.php(412): CodeIgniter\CodeIgniter->runController()
#4 /app/myapp/system/CodeIgniter.php(320): CodeIgniter\CodeIgniter->handleRequest()
#5 /app/myapp/public/index.php(37): CodeIgniter\CodeIgniter->run()
#6 {main}
CRITICAL - 2022-01-27 06:44:13 --> Invalid argument supplied for foreach()
#0 /app/myapp/app/Controllers/Carrinho.php(33): CodeIgniter\Debug\Exceptions->errorHandler()
#1 /app/myapp/system/CodeIgniter.php(825): App\Controllers\Carrinho->mini_cart()
#2 /app/myapp/system/CodeIgniter.php(412): CodeIgniter\CodeIgniter->runController()
#3 /app/myapp/system/CodeIgniter.php(320): CodeIgniter\CodeIgniter->handleRequest()
#4 /app/myapp/public/index.php(37): CodeIgniter\CodeIgniter->run()
#5 {main}
CRITICAL - 2022-01-27 06:44:13 --> count(): Parameter must be an array or an object that implements Countable
#0 [internal function]: CodeIgniter\Debug\Exceptions->errorHandler()
#1 /app/myapp/app/Controllers/Carrinho.php(22): count()
#2 /app/myapp/system/CodeIgniter.php(825): App\Controllers\Carrinho->count()
#3 /app/myapp/system/CodeIgniter.php(412): CodeIgniter\CodeIgniter->runController()
#4 /app/myapp/system/CodeIgniter.php(320): CodeIgniter\CodeIgniter->handleRequest()
#5 /app/myapp/public/index.php(37): CodeIgniter\CodeIgniter->run()
#6 {main}
CRITICAL - 2022-01-27 06:44:14 --> Invalid argument supplied for foreach()
#0 /app/myapp/app/Controllers/Carrinho.php(33): CodeIgniter\Debug\Exceptions->errorHandler()
#1 /app/myapp/system/CodeIgniter.php(825): App\Controllers\Carrinho->mini_cart()
#2 /app/myapp/system/CodeIgniter.php(412): CodeIgniter\CodeIgniter->runController()
#3 /app/myapp/system/CodeIgniter.php(320): CodeIgniter\CodeIgniter->handleRequest()
#4 /app/myapp/public/index.php(37): CodeIgniter\CodeIgniter->run()
#5 {main}
CRITICAL - 2022-01-27 06:44:14 --> count(): Parameter must be an array or an object that implements Countable
#0 [internal function]: CodeIgniter\Debug\Exceptions->errorHandler()
#1 /app/myapp/app/Controllers/Carrinho.php(22): count()
#2 /app/myapp/system/CodeIgniter.php(825): App\Controllers\Carrinho->count()
#3 /app/myapp/system/CodeIgniter.php(412): CodeIgniter\CodeIgniter->runController()
#4 /app/myapp/system/CodeIgniter.php(320): CodeIgniter\CodeIgniter->handleRequest()
#5 /app/myapp/public/index.php(37): CodeIgniter\CodeIgniter->run()
#6 {main}
CRITICAL - 2022-01-27 06:44:15 --> Invalid argument supplied for foreach()
#0 /app/myapp/app/Controllers/Carrinho.php(33): CodeIgniter\Debug\Exceptions->errorHandler()
#1 /app/myapp/system/CodeIgniter.php(825): App\Controllers\Carrinho->mini_cart()
#2 /app/myapp/system/CodeIgniter.php(412): CodeIgniter\CodeIgniter->runController()
#3 /app/myapp/system/CodeIgniter.php(320): CodeIgniter\CodeIgniter->handleRequest()
#4 /app/myapp/public/index.php(37): CodeIgniter\CodeIgniter->run()
#5 {main}
CRITICAL - 2022-01-27 06:44:16 --> count(): Parameter must be an array or an object that implements Countable
#0 [internal function]: CodeIgniter\Debug\Exceptions->errorHandler()
#1 /app/myapp/app/Controllers/Carrinho.php(22): count()
#2 /app/myapp/system/CodeIgniter.php(825): App\Controllers\Carrinho->count()
#3 /app/myapp/system/CodeIgniter.php(412): CodeIgniter\CodeIgniter->runController()
#4 /app/myapp/system/CodeIgniter.php(320): CodeIgniter\CodeIgniter->handleRequest()
#5 /app/myapp/public/index.php(37): CodeIgniter\CodeIgniter->run()
#6 {main}
CRITICAL - 2022-01-27 06:44:16 --> Invalid argument supplied for foreach()
#0 /app/myapp/app/Controllers/Carrinho.php(33): CodeIgniter\Debug\Exceptions->errorHandler()
#1 /app/myapp/system/CodeIgniter.php(825): App\Controllers\Carrinho->mini_cart()
#2 /app/myapp/system/CodeIgniter.php(412): CodeIgniter\CodeIgniter->runController()
#3 /app/myapp/system/CodeIgniter.php(320): CodeIgniter\CodeIgniter->handleRequest()
#4 /app/myapp/public/index.php(37): CodeIgniter\CodeIgniter->run()
#5 {main}
CRITICAL - 2022-01-27 06:44:17 --> count(): Parameter must be an array or an object that implements Countable
#0 [internal function]: CodeIgniter\Debug\Exceptions->errorHandler()
#1 /app/myapp/app/Controllers/Carrinho.php(22): count()
#2 /app/myapp/system/CodeIgniter.php(825): App\Controllers\Carrinho->count()
#3 /app/myapp/system/CodeIgniter.php(412): CodeIgniter\CodeIgniter->runController()
#4 /app/myapp/system/CodeIgniter.php(320): CodeIgniter\CodeIgniter->handleRequest()
#5 /app/myapp/public/index.php(37): CodeIgniter\CodeIgniter->run()
#6 {main}
CRITICAL - 2022-01-27 06:44:18 --> Invalid argument supplied for foreach()
#0 /app/myapp/app/Controllers/Carrinho.php(33): CodeIgniter\Debug\Exceptions->errorHandler()
#1 /app/myapp/system/CodeIgniter.php(825): App\Controllers\Carrinho->mini_cart()
#2 /app/myapp/system/CodeIgniter.php(412): CodeIgniter\CodeIgniter->runController()
#3 /app/myapp/system/CodeIgniter.php(320): CodeIgniter\CodeIgniter->handleRequest()
#4 /app/myapp/public/index.php(37): CodeIgniter\CodeIgniter->run()
#5 {main}
CRITICAL - 2022-01-27 06:44:18 --> count(): Parameter must be an array or an object that implements Countable
#0 [internal function]: CodeIgniter\Debug\Exceptions->errorHandler()
#1 /app/myapp/app/Controllers/Carrinho.php(22): count()
#2 /app/myapp/system/CodeIgniter.php(825): App\Controllers\Carrinho->count()
#3 /app/myapp/system/CodeIgniter.php(412): CodeIgniter\CodeIgniter->runController()
#4 /app/myapp/system/CodeIgniter.php(320): CodeIgniter\CodeIgniter->handleRequest()
#5 /app/myapp/public/index.php(37): CodeIgniter\CodeIgniter->run()
#6 {main}
CRITICAL - 2022-01-27 06:44:19 --> Invalid argument supplied for foreach()
#0 /app/myapp/app/Controllers/Carrinho.php(33): CodeIgniter\Debug\Exceptions->errorHandler()
#1 /app/myapp/system/CodeIgniter.php(825): App\Controllers\Carrinho->mini_cart()
#2 /app/myapp/system/CodeIgniter.php(412): CodeIgniter\CodeIgniter->runController()
#3 /app/myapp/system/CodeIgniter.php(320): CodeIgniter\CodeIgniter->handleRequest()
#4 /app/myapp/public/index.php(37): CodeIgniter\CodeIgniter->run()
#5 {main}
CRITICAL - 2022-01-27 06:44:20 --> count(): Parameter must be an array or an object that implements Countable
#0 [internal function]: CodeIgniter\Debug\Exceptions->errorHandler()
#1 /app/myapp/app/Controllers/Carrinho.php(22): count()
#2 /app/myapp/system/CodeIgniter.php(825): App\Controllers\Carrinho->count()
#3 /app/myapp/system/CodeIgniter.php(412): CodeIgniter\CodeIgniter->runController()
#4 /app/myapp/system/CodeIgniter.php(320): CodeIgniter\CodeIgniter->handleRequest()
#5 /app/myapp/public/index.php(37): CodeIgniter\CodeIgniter->run()
#6 {main}
CRITICAL - 2022-01-27 06:44:20 --> Invalid argument supplied for foreach()
#0 /app/myapp/app/Controllers/Carrinho.php(33): CodeIgniter\Debug\Exceptions->errorHandler()
#1 /app/myapp/system/CodeIgniter.php(825): App\Controllers\Carrinho->mini_cart()
#2 /app/myapp/system/CodeIgniter.php(412): CodeIgniter\CodeIgniter->runController()
#3 /app/myapp/system/CodeIgniter.php(320): CodeIgniter\CodeIgniter->handleRequest()
#4 /app/myapp/public/index.php(37): CodeIgniter\CodeIgniter->run()
#5 {main}
CRITICAL - 2022-01-27 06:44:21 --> count(): Parameter must be an array or an object that implements Countable
#0 [internal function]: CodeIgniter\Debug\Exceptions->errorHandler()
#1 /app/myapp/app/Controllers/Carrinho.php(22): count()
#2 /app/myapp/system/CodeIgniter.php(825): App\Controllers\Carrinho->count()
#3 /app/myapp/system/CodeIgniter.php(412): CodeIgniter\CodeIgniter->runController()
#4 /app/myapp/system/CodeIgniter.php(320): CodeIgniter\CodeIgniter->handleRequest()
#5 /app/myapp/public/index.php(37): CodeIgniter\CodeIgniter->run()
#6 {main}
CRITICAL - 2022-01-27 06:44:21 --> Invalid argument supplied for foreach()
#0 /app/myapp/app/Controllers/Carrinho.php(33): CodeIgniter\Debug\Exceptions->errorHandler()
#1 /app/myapp/system/CodeIgniter.php(825): App\Controllers\Carrinho->mini_cart()
#2 /app/myapp/system/CodeIgniter.php(412): CodeIgniter\CodeIgniter->runController()
#3 /app/myapp/system/CodeIgniter.php(320): CodeIgniter\CodeIgniter->handleRequest()
#4 /app/myapp/public/index.php(37): CodeIgniter\CodeIgniter->run()
#5 {main}
CRITICAL - 2022-01-27 06:44:22 --> count(): Parameter must be an array or an object that implements Countable
#0 [internal function]: CodeIgniter\Debug\Exceptions->errorHandler()
#1 /app/myapp/app/Controllers/Carrinho.php(22): count()
#2 /app/myapp/system/CodeIgniter.php(825): App\Controllers\Carrinho->count()
#3 /app/myapp/system/CodeIgniter.php(412): CodeIgniter\CodeIgniter->runController()
#4 /app/myapp/system/CodeIgniter.php(320): CodeIgniter\CodeIgniter->handleRequest()
#5 /app/myapp/public/index.php(37): CodeIgniter\CodeIgniter->run()
#6 {main}
CRITICAL - 2022-01-27 06:44:23 --> Invalid argument supplied for foreach()
#0 /app/myapp/app/Controllers/Carrinho.php(33): CodeIgniter\Debug\Exceptions->errorHandler()
#1 /app/myapp/system/CodeIgniter.php(825): App\Controllers\Carrinho->mini_cart()
#2 /app/myapp/system/CodeIgniter.php(412): CodeIgniter\CodeIgniter->runController()
#3 /app/myapp/system/CodeIgniter.php(320): CodeIgniter\CodeIgniter->handleRequest()
#4 /app/myapp/public/index.php(37): CodeIgniter\CodeIgniter->run()
#5 {main}
CRITICAL - 2022-01-27 06:44:23 --> count(): Parameter must be an array or an object that implements Countable
#0 [internal function]: CodeIgniter\Debug\Exceptions->errorHandler()
#1 /app/myapp/app/Controllers/Carrinho.php(22): count()
#2 /app/myapp/system/CodeIgniter.php(825): App\Controllers\Carrinho->count()
#3 /app/myapp/system/CodeIgniter.php(412): CodeIgniter\CodeIgniter->runController()
#4 /app/myapp/system/CodeIgniter.php(320): CodeIgniter\CodeIgniter->handleRequest()
#5 /app/myapp/public/index.php(37): CodeIgniter\CodeIgniter->run()
#6 {main}
CRITICAL - 2022-01-27 06:44:24 --> Invalid argument supplied for foreach()
#0 /app/myapp/app/Controllers/Carrinho.php(33): CodeIgniter\Debug\Exceptions->errorHandler()
#1 /app/myapp/system/CodeIgniter.php(825): App\Controllers\Carrinho->mini_cart()
#2 /app/myapp/system/CodeIgniter.php(412): CodeIgniter\CodeIgniter->runController()
#3 /app/myapp/system/CodeIgniter.php(320): CodeIgniter\CodeIgniter->handleRequest()
#4 /app/myapp/public/index.php(37): CodeIgniter\CodeIgniter->run()
#5 {main}
CRITICAL - 2022-01-27 06:44:25 --> count(): Parameter must be an array or an object that implements Countable
#0 [internal function]: CodeIgniter\Debug\Exceptions->errorHandler()
#1 /app/myapp/app/Controllers/Carrinho.php(22): count()
#2 /app/myapp/system/CodeIgniter.php(825): App\Controllers\Carrinho->count()
#3 /app/myapp/system/CodeIgniter.php(412): CodeIgniter\CodeIgniter->runController()
#4 /app/myapp/system/CodeIgniter.php(320): CodeIgniter\CodeIgniter->handleRequest()
#5 /app/myapp/public/index.php(37): CodeIgniter\CodeIgniter->run()
#6 {main}
CRITICAL - 2022-01-27 06:44:26 --> Invalid argument supplied for foreach()
#0 /app/myapp/app/Controllers/Carrinho.php(33): CodeIgniter\Debug\Exceptions->errorHandler()
#1 /app/myapp/system/CodeIgniter.php(825): App\Controllers\Carrinho->mini_cart()
#2 /app/myapp/system/CodeIgniter.php(412): CodeIgniter\CodeIgniter->runController()
#3 /app/myapp/system/CodeIgniter.php(320): CodeIgniter\CodeIgniter->handleRequest()
#4 /app/myapp/public/index.php(37): CodeIgniter\CodeIgniter->run()
#5 {main}
CRITICAL - 2022-01-27 06:44:27 --> count(): Parameter must be an array or an object that implements Countable
#0 [internal function]: CodeIgniter\Debug\Exceptions->errorHandler()
#1 /app/myapp/app/Controllers/Carrinho.php(22): count()
#2 /app/myapp/system/CodeIgniter.php(825): App\Controllers\Carrinho->count()
#3 /app/myapp/system/CodeIgniter.php(412): CodeIgniter\CodeIgniter->runController()
#4 /app/myapp/system/CodeIgniter.php(320): CodeIgniter\CodeIgniter->handleRequest()
#5 /app/myapp/public/index.php(37): CodeIgniter\CodeIgniter->run()
#6 {main}
CRITICAL - 2022-01-27 06:44:28 --> Invalid argument supplied for foreach()
#0 /app/myapp/app/Controllers/Carrinho.php(33): CodeIgniter\Debug\Exceptions->errorHandler()
#1 /app/myapp/system/CodeIgniter.php(825): App\Controllers\Carrinho->mini_cart()
#2 /app/myapp/system/CodeIgniter.php(412): CodeIgniter\CodeIgniter->runController()
#3 /app/myapp/system/CodeIgniter.php(320): CodeIgniter\CodeIgniter->handleRequest()
#4 /app/myapp/public/index.php(37): CodeIgniter\CodeIgniter->run()
#5 {main}
CRITICAL - 2022-01-27 06:44:29 --> count(): Parameter must be an array or an object that implements Countable
#0 [internal function]: CodeIgniter\Debug\Exceptions->errorHandler()
#1 /app/myapp/app/Controllers/Carrinho.php(22): count()
#2 /app/myapp/system/CodeIgniter.php(825): App\Controllers\Carrinho->count()
#3 /app/myapp/system/CodeIgniter.php(412): CodeIgniter\CodeIgniter->runController()
#4 /app/myapp/system/CodeIgniter.php(320): CodeIgniter\CodeIgniter->handleRequest()
#5 /app/myapp/public/index.php(37): CodeIgniter\CodeIgniter->run()
#6 {main}
CRITICAL - 2022-01-27 06:44:29 --> Invalid argument supplied for foreach()
#0 /app/myapp/app/Controllers/Carrinho.php(33): CodeIgniter\Debug\Exceptions->errorHandler()
#1 /app/myapp/system/CodeIgniter.php(825): App\Controllers\Carrinho->mini_cart()
#2 /app/myapp/system/CodeIgniter.php(412): CodeIgniter\CodeIgniter->runController()
#3 /app/myapp/system/CodeIgniter.php(320): CodeIgniter\CodeIgniter->handleRequest()
#4 /app/myapp/public/index.php(37): CodeIgniter\CodeIgniter->run()
#5 {main}
CRITICAL - 2022-01-27 06:44:30 --> count(): Parameter must be an array or an object that implements Countable
#0 [internal function]: CodeIgniter\Debug\Exceptions->errorHandler()
#1 /app/myapp/app/Controllers/Carrinho.php(22): count()
#2 /app/myapp/system/CodeIgniter.php(825): App\Controllers\Carrinho->count()
#3 /app/myapp/system/CodeIgniter.php(412): CodeIgniter\CodeIgniter->runController()
#4 /app/myapp/system/CodeIgniter.php(320): CodeIgniter\CodeIgniter->handleRequest()
#5 /app/myapp/public/index.php(37): CodeIgniter\CodeIgniter->run()
#6 {main}
CRITICAL - 2022-01-27 06:44:31 --> Invalid argument supplied for foreach()
#0 /app/myapp/app/Controllers/Carrinho.php(33): CodeIgniter\Debug\Exceptions->errorHandler()
#1 /app/myapp/system/CodeIgniter.php(825): App\Controllers\Carrinho->mini_cart()
#2 /app/myapp/system/CodeIgniter.php(412): CodeIgniter\CodeIgniter->runController()
#3 /app/myapp/system/CodeIgniter.php(320): CodeIgniter\CodeIgniter->handleRequest()
#4 /app/myapp/public/index.php(37): CodeIgniter\CodeIgniter->run()
#5 {main}
CRITICAL - 2022-01-27 06:44:31 --> count(): Parameter must be an array or an object that implements Countable
#0 [internal function]: CodeIgniter\Debug\Exceptions->errorHandler()
#1 /app/myapp/app/Controllers/Carrinho.php(22): count()
#2 /app/myapp/system/CodeIgniter.php(825): App\Controllers\Carrinho->count()
#3 /app/myapp/system/CodeIgniter.php(412): CodeIgniter\CodeIgniter->runController()
#4 /app/myapp/system/CodeIgniter.php(320): CodeIgniter\CodeIgniter->handleRequest()
#5 /app/myapp/public/index.php(37): CodeIgniter\CodeIgniter->run()
#6 {main}
CRITICAL - 2022-01-27 06:44:32 --> Invalid argument supplied for foreach()
#0 /app/myapp/app/Controllers/Carrinho.php(33): CodeIgniter\Debug\Exceptions->errorHandler()
#1 /app/myapp/system/CodeIgniter.php(825): App\Controllers\Carrinho->mini_cart()
#2 /app/myapp/system/CodeIgniter.php(412): CodeIgniter\CodeIgniter->runController()
#3 /app/myapp/system/CodeIgniter.php(320): CodeIgniter\CodeIgniter->handleRequest()
#4 /app/myapp/public/index.php(37): CodeIgniter\CodeIgniter->run()
#5 {main}
CRITICAL - 2022-01-27 06:44:33 --> count(): Parameter must be an array or an object that implements Countable
#0 [internal function]: CodeIgniter\Debug\Exceptions->errorHandler()
#1 /app/myapp/app/Controllers/Carrinho.php(22): count()
#2 /app/myapp/system/CodeIgniter.php(825): App\Controllers\Carrinho->count()
#3 /app/myapp/system/CodeIgniter.php(412): CodeIgniter\CodeIgniter->runController()
#4 /app/myapp/system/CodeIgniter.php(320): CodeIgniter\CodeIgniter->handleRequest()
#5 /app/myapp/public/index.php(37): CodeIgniter\CodeIgniter->run()
#6 {main}
CRITICAL - 2022-01-27 06:44:34 --> Invalid argument supplied for foreach()
#0 /app/myapp/app/Controllers/Carrinho.php(33): CodeIgniter\Debug\Exceptions->errorHandler()
#1 /app/myapp/system/CodeIgniter.php(825): App\Controllers\Carrinho->mini_cart()
#2 /app/myapp/system/CodeIgniter.php(412): CodeIgniter\CodeIgniter->runController()
#3 /app/myapp/system/CodeIgniter.php(320): CodeIgniter\CodeIgniter->handleRequest()
#4 /app/myapp/public/index.php(37): CodeIgniter\CodeIgniter->run()
#5 {main}
CRITICAL - 2022-01-27 06:44:35 --> Invalid argument supplied for foreach()
#0 /app/myapp/app/Controllers/Carrinho.php(33): CodeIgniter\Debug\Exceptions->errorHandler()
#1 /app/myapp/system/CodeIgniter.php(825): App\Controllers\Carrinho->mini_cart()
#2 /app/myapp/system/CodeIgniter.php(412): CodeIgniter\CodeIgniter->runController()
#3 /app/myapp/system/CodeIgniter.php(320): CodeIgniter\CodeIgniter->handleRequest()
#4 /app/myapp/public/index.php(37): CodeIgniter\CodeIgniter->run()
#5 {main}
CRITICAL - 2022-01-27 06:44:36 --> count(): Parameter must be an array or an object that implements Countable
#0 [internal function]: CodeIgniter\Debug\Exceptions->errorHandler()
#1 /app/myapp/app/Controllers/Carrinho.php(22): count()
#2 /app/myapp/system/CodeIgniter.php(825): App\Controllers\Carrinho->count()
#3 /app/myapp/system/CodeIgniter.php(412): CodeIgniter\CodeIgniter->runController()
#4 /app/myapp/system/CodeIgniter.php(320): CodeIgniter\CodeIgniter->handleRequest()
#5 /app/myapp/public/index.php(37): CodeIgniter\CodeIgniter->run()
#6 {main}
CRITICAL - 2022-01-27 06:44:36 --> count(): Parameter must be an array or an object that implements Countable
#0 [internal function]: CodeIgniter\Debug\Exceptions->errorHandler()
#1 /app/myapp/app/Controllers/Carrinho.php(22): count()
#2 /app/myapp/system/CodeIgniter.php(825): App\Controllers\Carrinho->count()
#3 /app/myapp/system/CodeIgniter.php(412): CodeIgniter\CodeIgniter->runController()
#4 /app/myapp/system/CodeIgniter.php(320): CodeIgniter\CodeIgniter->handleRequest()
#5 /app/myapp/public/index.php(37): CodeIgniter\CodeIgniter->run()
#6 {main}
CRITICAL - 2022-01-27 06:45:24 --> count(): Parameter must be an array or an object that implements Countable
#0 [internal function]: CodeIgniter\Debug\Exceptions->errorHandler()
#1 /app/myapp/app/Controllers/Carrinho.php(22): count()
#2 /app/myapp/system/CodeIgniter.php(825): App\Controllers\Carrinho->count()
#3 /app/myapp/system/CodeIgniter.php(412): CodeIgniter\CodeIgniter->runController()
#4 /app/myapp/system/CodeIgniter.php(320): CodeIgniter\CodeIgniter->handleRequest()
#5 /app/myapp/public/index.php(37): CodeIgniter\CodeIgniter->run()
#6 {main}
CRITICAL - 2022-01-27 06:45:25 --> Invalid argument supplied for foreach()
#0 /app/myapp/app/Controllers/Carrinho.php(33): CodeIgniter\Debug\Exceptions->errorHandler()
#1 /app/myapp/system/CodeIgniter.php(825): App\Controllers\Carrinho->mini_cart()
#2 /app/myapp/system/CodeIgniter.php(412): CodeIgniter\CodeIgniter->runController()
#3 /app/myapp/system/CodeIgniter.php(320): CodeIgniter\CodeIgniter->handleRequest()
#4 /app/myapp/public/index.php(37): CodeIgniter\CodeIgniter->run()
#5 {main}
CRITICAL - 2022-01-27 06:45:26 --> count(): Parameter must be an array or an object that implements Countable
#0 [internal function]: CodeIgniter\Debug\Exceptions->errorHandler()
#1 /app/myapp/app/Controllers/Carrinho.php(22): count()
#2 /app/myapp/system/CodeIgniter.php(825): App\Controllers\Carrinho->count()
#3 /app/myapp/system/CodeIgniter.php(412): CodeIgniter\CodeIgniter->runController()
#4 /app/myapp/system/CodeIgniter.php(320): CodeIgniter\CodeIgniter->handleRequest()
#5 /app/myapp/public/index.php(37): CodeIgniter\CodeIgniter->run()
#6 {main}
CRITICAL - 2022-01-27 06:45:27 --> Invalid argument supplied for foreach()
#0 /app/myapp/app/Controllers/Carrinho.php(33): CodeIgniter\Debug\Exceptions->errorHandler()
#1 /app/myapp/system/CodeIgniter.php(825): App\Controllers\Carrinho->mini_cart()
#2 /app/myapp/system/CodeIgniter.php(412): CodeIgniter\CodeIgniter->runController()
#3 /app/myapp/system/CodeIgniter.php(320): CodeIgniter\CodeIgniter->handleRequest()
#4 /app/myapp/public/index.php(37): CodeIgniter\CodeIgniter->run()
#5 {main}
CRITICAL - 2022-01-27 06:45:28 --> count(): Parameter must be an array or an object that implements Countable
#0 [internal function]: CodeIgniter\Debug\Exceptions->errorHandler()
#1 /app/myapp/app/Controllers/Carrinho.php(22): count()
#2 /app/myapp/system/CodeIgniter.php(825): App\Controllers\Carrinho->count()
#3 /app/myapp/system/CodeIgniter.php(412): CodeIgniter\CodeIgniter->runController()
#4 /app/myapp/system/CodeIgniter.php(320): CodeIgniter\CodeIgniter->handleRequest()
#5 /app/myapp/public/index.php(37): CodeIgniter\CodeIgniter->run()
#6 {main}
CRITICAL - 2022-01-27 06:45:29 --> Invalid argument supplied for foreach()
#0 /app/myapp/app/Controllers/Carrinho.php(33): CodeIgniter\Debug\Exceptions->errorHandler()
#1 /app/myapp/system/CodeIgniter.php(825): App\Controllers\Carrinho->mini_cart()
#2 /app/myapp/system/CodeIgniter.php(412): CodeIgniter\CodeIgniter->runController()
#3 /app/myapp/system/CodeIgniter.php(320): CodeIgniter\CodeIgniter->handleRequest()
#4 /app/myapp/public/index.php(37): CodeIgniter\CodeIgniter->run()
#5 {main}
CRITICAL - 2022-01-27 06:45:30 --> count(): Parameter must be an array or an object that implements Countable
#0 [internal function]: CodeIgniter\Debug\Exceptions->errorHandler()
#1 /app/myapp/app/Controllers/Carrinho.php(22): count()
#2 /app/myapp/system/CodeIgniter.php(825): App\Controllers\Carrinho->count()
#3 /app/myapp/system/CodeIgniter.php(412): CodeIgniter\CodeIgniter->runController()
#4 /app/myapp/system/CodeIgniter.php(320): CodeIgniter\CodeIgniter->handleRequest()
#5 /app/myapp/public/index.php(37): CodeIgniter\CodeIgniter->run()
#6 {main}
CRITICAL - 2022-01-27 06:45:31 --> Invalid argument supplied for foreach()
#0 /app/myapp/app/Controllers/Carrinho.php(33): CodeIgniter\Debug\Exceptions->errorHandler()
#1 /app/myapp/system/CodeIgniter.php(825): App\Controllers\Carrinho->mini_cart()
#2 /app/myapp/system/CodeIgniter.php(412): CodeIgniter\CodeIgniter->runController()
#3 /app/myapp/system/CodeIgniter.php(320): CodeIgniter\CodeIgniter->handleRequest()
#4 /app/myapp/public/index.php(37): CodeIgniter\CodeIgniter->run()
#5 {main}
CRITICAL - 2022-01-27 06:45:32 --> count(): Parameter must be an array or an object that implements Countable
#0 [internal function]: CodeIgniter\Debug\Exceptions->errorHandler()
#1 /app/myapp/app/Controllers/Carrinho.php(22): count()
#2 /app/myapp/system/CodeIgniter.php(825): App\Controllers\Carrinho->count()
#3 /app/myapp/system/CodeIgniter.php(412): CodeIgniter\CodeIgniter->runController()
#4 /app/myapp/system/CodeIgniter.php(320): CodeIgniter\CodeIgniter->handleRequest()
#5 /app/myapp/public/index.php(37): CodeIgniter\CodeIgniter->run()
#6 {main}
CRITICAL - 2022-01-27 06:45:32 --> count(): Parameter must be an array or an object that implements Countable
#0 [internal function]: CodeIgniter\Debug\Exceptions->errorHandler()
#1 /app/myapp/app/Controllers/Carrinho.php(22): count()
#2 /app/myapp/system/CodeIgniter.php(825): App\Controllers\Carrinho->count()
#3 /app/myapp/system/CodeIgniter.php(412): CodeIgniter\CodeIgniter->runController()
#4 /app/myapp/system/CodeIgniter.php(320): CodeIgniter\CodeIgniter->handleRequest()
#5 /app/myapp/public/index.php(37): CodeIgniter\CodeIgniter->run()
#6 {main}
CRITICAL - 2022-01-27 06:45:36 --> Invalid argument supplied for foreach()
#0 /app/myapp/app/Controllers/Carrinho.php(33): CodeIgniter\Debug\Exceptions->errorHandler()
#1 /app/myapp/system/CodeIgniter.php(825): App\Controllers\Carrinho->mini_cart()
#2 /app/myapp/system/CodeIgniter.php(412): CodeIgniter\CodeIgniter->runController()
#3 /app/myapp/system/CodeIgniter.php(320): CodeIgniter\CodeIgniter->handleRequest()
#4 /app/myapp/public/index.php(37): CodeIgniter\CodeIgniter->run()
#5 {main}
CRITICAL - 2022-01-27 06:45:37 --> count(): Parameter must be an array or an object that implements Countable
#0 [internal function]: CodeIgniter\Debug\Exceptions->errorHandler()
#1 /app/myapp/app/Controllers/Carrinho.php(22): count()
#2 /app/myapp/system/CodeIgniter.php(825): App\Controllers\Carrinho->count()
#3 /app/myapp/system/CodeIgniter.php(412): CodeIgniter\CodeIgniter->runController()
#4 /app/myapp/system/CodeIgniter.php(320): CodeIgniter\CodeIgniter->handleRequest()
#5 /app/myapp/public/index.php(37): CodeIgniter\CodeIgniter->run()
#6 {main}
CRITICAL - 2022-01-27 06:45:38 --> Invalid argument supplied for foreach()
#0 /app/myapp/app/Controllers/Carrinho.php(33): CodeIgniter\Debug\Exceptions->errorHandler()
#1 /app/myapp/system/CodeIgniter.php(825): App\Controllers\Carrinho->mini_cart()
#2 /app/myapp/system/CodeIgniter.php(412): CodeIgniter\CodeIgniter->runController()
#3 /app/myapp/system/CodeIgniter.php(320): CodeIgniter\CodeIgniter->handleRequest()
#4 /app/myapp/public/index.php(37): CodeIgniter\CodeIgniter->run()
#5 {main}
CRITICAL - 2022-01-27 06:45:38 --> count(): Parameter must be an array or an object that implements Countable
#0 [internal function]: CodeIgniter\Debug\Exceptions->errorHandler()
#1 /app/myapp/app/Controllers/Carrinho.php(22): count()
#2 /app/myapp/system/CodeIgniter.php(825): App\Controllers\Carrinho->count()
#3 /app/myapp/system/CodeIgniter.php(412): CodeIgniter\CodeIgniter->runController()
#4 /app/myapp/system/CodeIgniter.php(320): CodeIgniter\CodeIgniter->handleRequest()
#5 /app/myapp/public/index.php(37): CodeIgniter\CodeIgniter->run()
#6 {main}
CRITICAL - 2022-01-27 06:45:39 --> Invalid argument supplied for foreach()
#0 /app/myapp/app/Controllers/Carrinho.php(33): CodeIgniter\Debug\Exceptions->errorHandler()
#1 /app/myapp/system/CodeIgniter.php(825): App\Controllers\Carrinho->mini_cart()
#2 /app/myapp/system/CodeIgniter.php(412): CodeIgniter\CodeIgniter->runController()
#3 /app/myapp/system/CodeIgniter.php(320): CodeIgniter\CodeIgniter->handleRequest()
#4 /app/myapp/public/index.php(37): CodeIgniter\CodeIgniter->run()
#5 {main}
CRITICAL - 2022-01-27 06:45:40 --> count(): Parameter must be an array or an object that implements Countable
#0 [internal function]: CodeIgniter\Debug\Exceptions->errorHandler()
#1 /app/myapp/app/Controllers/Carrinho.php(22): count()
#2 /app/myapp/system/CodeIgniter.php(825): App\Controllers\Carrinho->count()
#3 /app/myapp/system/CodeIgniter.php(412): CodeIgniter\CodeIgniter->runController()
#4 /app/myapp/system/CodeIgniter.php(320): CodeIgniter\CodeIgniter->handleRequest()
#5 /app/myapp/public/index.php(37): CodeIgniter\CodeIgniter->run()
#6 {main}
CRITICAL - 2022-01-27 06:45:41 --> Invalid argument supplied for foreach()
#0 /app/myapp/app/Controllers/Carrinho.php(33): CodeIgniter\Debug\Exceptions->errorHandler()
#1 /app/myapp/system/CodeIgniter.php(825): App\Controllers\Carrinho->mini_cart()
#2 /app/myapp/system/CodeIgniter.php(412): CodeIgniter\CodeIgniter->runController()
#3 /app/myapp/system/CodeIgniter.php(320): CodeIgniter\CodeIgniter->handleRequest()
#4 /app/myapp/public/index.php(37): CodeIgniter\CodeIgniter->run()
#5 {main}
CRITICAL - 2022-01-27 06:45:42 --> count(): Parameter must be an array or an object that implements Countable
#0 [internal function]: CodeIgniter\Debug\Exceptions->errorHandler()
#1 /app/myapp/app/Controllers/Carrinho.php(22): count()
#2 /app/myapp/system/CodeIgniter.php(825): App\Controllers\Carrinho->count()
#3 /app/myapp/system/CodeIgniter.php(412): CodeIgniter\CodeIgniter->runController()
#4 /app/myapp/system/CodeIgniter.php(320): CodeIgniter\CodeIgniter->handleRequest()
#5 /app/myapp/public/index.php(37): CodeIgniter\CodeIgniter->run()
#6 {main}
CRITICAL - 2022-01-27 06:45:42 --> count(): Parameter must be an array or an object that implements Countable
#0 [internal function]: CodeIgniter\Debug\Exceptions->errorHandler()
#1 /app/myapp/app/Controllers/Carrinho.php(22): count()
#2 /app/myapp/system/CodeIgniter.php(825): App\Controllers\Carrinho->count()
#3 /app/myapp/system/CodeIgniter.php(412): CodeIgniter\CodeIgniter->runController()
#4 /app/myapp/system/CodeIgniter.php(320): CodeIgniter\CodeIgniter->handleRequest()
#5 /app/myapp/public/index.php(37): CodeIgniter\CodeIgniter->run()
#6 {main}
CRITICAL - 2022-01-27 06:45:43 --> Invalid argument supplied for foreach()
#0 /app/myapp/app/Controllers/Carrinho.php(33): CodeIgniter\Debug\Exceptions->errorHandler()
#1 /app/myapp/system/CodeIgniter.php(825): App\Controllers\Carrinho->mini_cart()
#2 /app/myapp/system/CodeIgniter.php(412): CodeIgniter\CodeIgniter->runController()
#3 /app/myapp/system/CodeIgniter.php(320): CodeIgniter\CodeIgniter->handleRequest()
#4 /app/myapp/public/index.php(37): CodeIgniter\CodeIgniter->run()
#5 {main}
CRITICAL - 2022-01-27 06:45:43 --> Invalid argument supplied for foreach()
#0 /app/myapp/app/Controllers/Carrinho.php(33): CodeIgniter\Debug\Exceptions->errorHandler()
#1 /app/myapp/system/CodeIgniter.php(825): App\Controllers\Carrinho->mini_cart()
#2 /app/myapp/system/CodeIgniter.php(412): CodeIgniter\CodeIgniter->runController()
#3 /app/myapp/system/CodeIgniter.php(320): CodeIgniter\CodeIgniter->handleRequest()
#4 /app/myapp/public/index.php(37): CodeIgniter\CodeIgniter->run()
#5 {main}
CRITICAL - 2022-01-27 06:45:44 --> count(): Parameter must be an array or an object that implements Countable
#0 [internal function]: CodeIgniter\Debug\Exceptions->errorHandler()
#1 /app/myapp/app/Controllers/Carrinho.php(22): count()
#2 /app/myapp/system/CodeIgniter.php(825): App\Controllers\Carrinho->count()
#3 /app/myapp/system/CodeIgniter.php(412): CodeIgniter\CodeIgniter->runController()
#4 /app/myapp/system/CodeIgniter.php(320): CodeIgniter\CodeIgniter->handleRequest()
#5 /app/myapp/public/index.php(37): CodeIgniter\CodeIgniter->run()
#6 {main}
CRITICAL - 2022-01-27 06:45:44 --> Invalid argument supplied for foreach()
#0 /app/myapp/app/Controllers/Carrinho.php(33): CodeIgniter\Debug\Exceptions->errorHandler()
#1 /app/myapp/system/CodeIgniter.php(825): App\Controllers\Carrinho->mini_cart()
#2 /app/myapp/system/CodeIgniter.php(412): CodeIgniter\CodeIgniter->runController()
#3 /app/myapp/system/CodeIgniter.php(320): CodeIgniter\CodeIgniter->handleRequest()
#4 /app/myapp/public/index.php(37): CodeIgniter\CodeIgniter->run()
#5 {main}
CRITICAL - 2022-01-27 06:45:45 --> count(): Parameter must be an array or an object that implements Countable
#0 [internal function]: CodeIgniter\Debug\Exceptions->errorHandler()
#1 /app/myapp/app/Controllers/Carrinho.php(22): count()
#2 /app/myapp/system/CodeIgniter.php(825): App\Controllers\Carrinho->count()
#3 /app/myapp/system/CodeIgniter.php(412): CodeIgniter\CodeIgniter->runController()
#4 /app/myapp/system/CodeIgniter.php(320): CodeIgniter\CodeIgniter->handleRequest()
#5 /app/myapp/public/index.php(37): CodeIgniter\CodeIgniter->run()
#6 {main}
CRITICAL - 2022-01-27 06:46:42 --> Invalid argument supplied for foreach()
#0 /app/myapp/app/Controllers/Carrinho.php(33): CodeIgniter\Debug\Exceptions->errorHandler()
#1 /app/myapp/system/CodeIgniter.php(825): App\Controllers\Carrinho->mini_cart()
#2 /app/myapp/system/CodeIgniter.php(412): CodeIgniter\CodeIgniter->runController()
#3 /app/myapp/system/CodeIgniter.php(320): CodeIgniter\CodeIgniter->handleRequest()
#4 /app/myapp/public/index.php(37): CodeIgniter\CodeIgniter->run()
#5 {main}
CRITICAL - 2022-01-27 06:46:43 --> count(): Parameter must be an array or an object that implements Countable
#0 [internal function]: CodeIgniter\Debug\Exceptions->errorHandler()
#1 /app/myapp/app/Controllers/Carrinho.php(22): count()
#2 /app/myapp/system/CodeIgniter.php(825): App\Controllers\Carrinho->count()
#3 /app/myapp/system/CodeIgniter.php(412): CodeIgniter\CodeIgniter->runController()
#4 /app/myapp/system/CodeIgniter.php(320): CodeIgniter\CodeIgniter->handleRequest()
#5 /app/myapp/public/index.php(37): CodeIgniter\CodeIgniter->run()
#6 {main}
CRITICAL - 2022-01-27 06:46:44 --> Invalid argument supplied for foreach()
#0 /app/myapp/app/Controllers/Carrinho.php(33): CodeIgniter\Debug\Exceptions->errorHandler()
#1 /app/myapp/system/CodeIgniter.php(825): App\Controllers\Carrinho->mini_cart()
#2 /app/myapp/system/CodeIgniter.php(412): CodeIgniter\CodeIgniter->runController()
#3 /app/myapp/system/CodeIgniter.php(320): CodeIgniter\CodeIgniter->handleRequest()
#4 /app/myapp/public/index.php(37): CodeIgniter\CodeIgniter->run()
#5 {main}
CRITICAL - 2022-01-27 06:46:45 --> count(): Parameter must be an array or an object that implements Countable
#0 [internal function]: CodeIgniter\Debug\Exceptions->errorHandler()
#1 /app/myapp/app/Controllers/Carrinho.php(22): count()
#2 /app/myapp/system/CodeIgniter.php(825): App\Controllers\Carrinho->count()
#3 /app/myapp/system/CodeIgniter.php(412): CodeIgniter\CodeIgniter->runController()
#4 /app/myapp/system/CodeIgniter.php(320): CodeIgniter\CodeIgniter->handleRequest()
#5 /app/myapp/public/index.php(37): CodeIgniter\CodeIgniter->run()
#6 {main}
CRITICAL - 2022-01-27 06:46:46 --> Invalid argument supplied for foreach()
#0 /app/myapp/app/Controllers/Carrinho.php(33): CodeIgniter\Debug\Exceptions->errorHandler()
#1 /app/myapp/system/CodeIgniter.php(825): App\Controllers\Carrinho->mini_cart()
#2 /app/myapp/system/CodeIgniter.php(412): CodeIgniter\CodeIgniter->runController()
#3 /app/myapp/system/CodeIgniter.php(320): CodeIgniter\CodeIgniter->handleRequest()
#4 /app/myapp/public/index.php(37): CodeIgniter\CodeIgniter->run()
#5 {main}
CRITICAL - 2022-01-27 06:46:46 --> count(): Parameter must be an array or an object that implements Countable
#0 [internal function]: CodeIgniter\Debug\Exceptions->errorHandler()
#1 /app/myapp/app/Controllers/Carrinho.php(22): count()
#2 /app/myapp/system/CodeIgniter.php(825): App\Controllers\Carrinho->count()
#3 /app/myapp/system/CodeIgniter.php(412): CodeIgniter\CodeIgniter->runController()
#4 /app/myapp/system/CodeIgniter.php(320): CodeIgniter\CodeIgniter->handleRequest()
#5 /app/myapp/public/index.php(37): CodeIgniter\CodeIgniter->run()
#6 {main}
CRITICAL - 2022-01-27 06:46:47 --> Invalid argument supplied for foreach()
#0 /app/myapp/app/Controllers/Carrinho.php(33): CodeIgniter\Debug\Exceptions->errorHandler()
#1 /app/myapp/system/CodeIgniter.php(825): App\Controllers\Carrinho->mini_cart()
#2 /app/myapp/system/CodeIgniter.php(412): CodeIgniter\CodeIgniter->runController()
#3 /app/myapp/system/CodeIgniter.php(320): CodeIgniter\CodeIgniter->handleRequest()
#4 /app/myapp/public/index.php(37): CodeIgniter\CodeIgniter->run()
#5 {main}
CRITICAL - 2022-01-27 06:46:48 --> count(): Parameter must be an array or an object that implements Countable
#0 [internal function]: CodeIgniter\Debug\Exceptions->errorHandler()
#1 /app/myapp/app/Controllers/Carrinho.php(22): count()
#2 /app/myapp/system/CodeIgniter.php(825): App\Controllers\Carrinho->count()
#3 /app/myapp/system/CodeIgniter.php(412): CodeIgniter\CodeIgniter->runController()
#4 /app/myapp/system/CodeIgniter.php(320): CodeIgniter\CodeIgniter->handleRequest()
#5 /app/myapp/public/index.php(37): CodeIgniter\CodeIgniter->run()
#6 {main}
CRITICAL - 2022-01-27 06:46:49 --> count(): Parameter must be an array or an object that implements Countable
#0 [internal function]: CodeIgniter\Debug\Exceptions->errorHandler()
#1 /app/myapp/app/Controllers/Carrinho.php(22): count()
#2 /app/myapp/system/CodeIgniter.php(825): App\Controllers\Carrinho->count()
#3 /app/myapp/system/CodeIgniter.php(412): CodeIgniter\CodeIgniter->runController()
#4 /app/myapp/system/CodeIgniter.php(320): CodeIgniter\CodeIgniter->handleRequest()
#5 /app/myapp/public/index.php(37): CodeIgniter\CodeIgniter->run()
#6 {main}
CRITICAL - 2022-01-27 06:46:50 --> Invalid argument supplied for foreach()
#0 /app/myapp/app/Controllers/Carrinho.php(33): CodeIgniter\Debug\Exceptions->errorHandler()
#1 /app/myapp/system/CodeIgniter.php(825): App\Controllers\Carrinho->mini_cart()
#2 /app/myapp/system/CodeIgniter.php(412): CodeIgniter\CodeIgniter->runController()
#3 /app/myapp/system/CodeIgniter.php(320): CodeIgniter\CodeIgniter->handleRequest()
#4 /app/myapp/public/index.php(37): CodeIgniter\CodeIgniter->run()
#5 {main}
CRITICAL - 2022-01-27 06:46:51 --> Invalid argument supplied for foreach()
#0 /app/myapp/app/Controllers/Carrinho.php(33): CodeIgniter\Debug\Exceptions->errorHandler()
#1 /app/myapp/system/CodeIgniter.php(825): App\Controllers\Carrinho->mini_cart()
#2 /app/myapp/system/CodeIgniter.php(412): CodeIgniter\CodeIgniter->runController()
#3 /app/myapp/system/CodeIgniter.php(320): CodeIgniter\CodeIgniter->handleRequest()
#4 /app/myapp/public/index.php(37): CodeIgniter\CodeIgniter->run()
#5 {main}
CRITICAL - 2022-01-27 06:46:53 --> count(): Parameter must be an array or an object that implements Countable
#0 [internal function]: CodeIgniter\Debug\Exceptions->errorHandler()
#1 /app/myapp/app/Controllers/Carrinho.php(22): count()
#2 /app/myapp/system/CodeIgniter.php(825): App\Controllers\Carrinho->count()
#3 /app/myapp/system/CodeIgniter.php(412): CodeIgniter\CodeIgniter->runController()
#4 /app/myapp/system/CodeIgniter.php(320): CodeIgniter\CodeIgniter->handleRequest()
#5 /app/myapp/public/index.php(37): CodeIgniter\CodeIgniter->run()
#6 {main}
CRITICAL - 2022-01-27 06:46:55 --> Invalid argument supplied for foreach()
#0 /app/myapp/app/Controllers/Carrinho.php(33): CodeIgniter\Debug\Exceptions->errorHandler()
#1 /app/myapp/system/CodeIgniter.php(825): App\Controllers\Carrinho->mini_cart()
#2 /app/myapp/system/CodeIgniter.php(412): CodeIgniter\CodeIgniter->runController()
#3 /app/myapp/system/CodeIgniter.php(320): CodeIgniter\CodeIgniter->handleRequest()
#4 /app/myapp/public/index.php(37): CodeIgniter\CodeIgniter->run()
#5 {main}
CRITICAL - 2022-01-27 06:46:56 --> Invalid argument supplied for foreach()
#0 /app/myapp/app/Controllers/Carrinho.php(33): CodeIgniter\Debug\Exceptions->errorHandler()
#1 /app/myapp/system/CodeIgniter.php(825): App\Controllers\Carrinho->mini_cart()
#2 /app/myapp/system/CodeIgniter.php(412): CodeIgniter\CodeIgniter->runController()
#3 /app/myapp/system/CodeIgniter.php(320): CodeIgniter\CodeIgniter->handleRequest()
#4 /app/myapp/public/index.php(37): CodeIgniter\CodeIgniter->run()
#5 {main}
CRITICAL - 2022-01-27 06:46:56 --> count(): Parameter must be an array or an object that implements Countable
#0 [internal function]: CodeIgniter\Debug\Exceptions->errorHandler()
#1 /app/myapp/app/Controllers/Carrinho.php(22): count()
#2 /app/myapp/system/CodeIgniter.php(825): App\Controllers\Carrinho->count()
#3 /app/myapp/system/CodeIgniter.php(412): CodeIgniter\CodeIgniter->runController()
#4 /app/myapp/system/CodeIgniter.php(320): CodeIgniter\CodeIgniter->handleRequest()
#5 /app/myapp/public/index.php(37): CodeIgniter\CodeIgniter->run()
#6 {main}
CRITICAL - 2022-01-27 06:46:57 --> Invalid argument supplied for foreach()
#0 /app/myapp/app/Controllers/Carrinho.php(33): CodeIgniter\Debug\Exceptions->errorHandler()
#1 /app/myapp/system/CodeIgniter.php(825): App\Controllers\Carrinho->mini_cart()
#2 /app/myapp/system/CodeIgniter.php(412): CodeIgniter\CodeIgniter->runController()
#3 /app/myapp/system/CodeIgniter.php(320): CodeIgniter\CodeIgniter->handleRequest()
#4 /app/myapp/public/index.php(37): CodeIgniter\CodeIgniter->run()
#5 {main}
CRITICAL - 2022-01-27 06:46:58 --> count(): Parameter must be an array or an object that implements Countable
#0 [internal function]: CodeIgniter\Debug\Exceptions->errorHandler()
#1 /app/myapp/app/Controllers/Carrinho.php(22): count()
#2 /app/myapp/system/CodeIgniter.php(825): App\Controllers\Carrinho->count()
#3 /app/myapp/system/CodeIgniter.php(412): CodeIgniter\CodeIgniter->runController()
#4 /app/myapp/system/CodeIgniter.php(320): CodeIgniter\CodeIgniter->handleRequest()
#5 /app/myapp/public/index.php(37): CodeIgniter\CodeIgniter->run()
#6 {main}
CRITICAL - 2022-01-27 06:46:59 --> Invalid argument supplied for foreach()
#0 /app/myapp/app/Controllers/Carrinho.php(33): CodeIgniter\Debug\Exceptions->errorHandler()
#1 /app/myapp/system/CodeIgniter.php(825): App\Controllers\Carrinho->mini_cart()
#2 /app/myapp/system/CodeIgniter.php(412): CodeIgniter\CodeIgniter->runController()
#3 /app/myapp/system/CodeIgniter.php(320): CodeIgniter\CodeIgniter->handleRequest()
#4 /app/myapp/public/index.php(37): CodeIgniter\CodeIgniter->run()
#5 {main}
CRITICAL - 2022-01-27 06:47:00 --> count(): Parameter must be an array or an object that implements Countable
#0 [internal function]: CodeIgniter\Debug\Exceptions->errorHandler()
#1 /app/myapp/app/Controllers/Carrinho.php(22): count()
#2 /app/myapp/system/CodeIgniter.php(825): App\Controllers\Carrinho->count()
#3 /app/myapp/system/CodeIgniter.php(412): CodeIgniter\CodeIgniter->runController()
#4 /app/myapp/system/CodeIgniter.php(320): CodeIgniter\CodeIgniter->handleRequest()
#5 /app/myapp/public/index.php(37): CodeIgniter\CodeIgniter->run()
#6 {main}
CRITICAL - 2022-01-27 06:47:00 --> Invalid argument supplied for foreach()
#0 /app/myapp/app/Controllers/Carrinho.php(33): CodeIgniter\Debug\Exceptions->errorHandler()
#1 /app/myapp/system/CodeIgniter.php(825): App\Controllers\Carrinho->mini_cart()
#2 /app/myapp/system/CodeIgniter.php(412): CodeIgniter\CodeIgniter->runController()
#3 /app/myapp/system/CodeIgniter.php(320): CodeIgniter\CodeIgniter->handleRequest()
#4 /app/myapp/public/index.php(37): CodeIgniter\CodeIgniter->run()
#5 {main}
CRITICAL - 2022-01-27 06:47:01 --> count(): Parameter must be an array or an object that implements Countable
#0 [internal function]: CodeIgniter\Debug\Exceptions->errorHandler()
#1 /app/myapp/app/Controllers/Carrinho.php(22): count()
#2 /app/myapp/system/CodeIgniter.php(825): App\Controllers\Carrinho->count()
#3 /app/myapp/system/CodeIgniter.php(412): CodeIgniter\CodeIgniter->runController()
#4 /app/myapp/system/CodeIgniter.php(320): CodeIgniter\CodeIgniter->handleRequest()
#5 /app/myapp/public/index.php(37): CodeIgniter\CodeIgniter->run()
#6 {main}
CRITICAL - 2022-01-27 06:47:02 --> Invalid argument supplied for foreach()
#0 /app/myapp/app/Controllers/Carrinho.php(33): CodeIgniter\Debug\Exceptions->errorHandler()
#1 /app/myapp/system/CodeIgniter.php(825): App\Controllers\Carrinho->mini_cart()
#2 /app/myapp/system/CodeIgniter.php(412): CodeIgniter\CodeIgniter->runController()
#3 /app/myapp/system/CodeIgniter.php(320): CodeIgniter\CodeIgniter->handleRequest()
#4 /app/myapp/public/index.php(37): CodeIgniter\CodeIgniter->run()
#5 {main}
CRITICAL - 2022-01-27 06:47:02 --> count(): Parameter must be an array or an object that implements Countable
#0 [internal function]: CodeIgniter\Debug\Exceptions->errorHandler()
#1 /app/myapp/app/Controllers/Carrinho.php(22): count()
#2 /app/myapp/system/CodeIgniter.php(825): App\Controllers\Carrinho->count()
#3 /app/myapp/system/CodeIgniter.php(412): CodeIgniter\CodeIgniter->runController()
#4 /app/myapp/system/CodeIgniter.php(320): CodeIgniter\CodeIgniter->handleRequest()
#5 /app/myapp/public/index.php(37): CodeIgniter\CodeIgniter->run()
#6 {main}
CRITICAL - 2022-01-27 06:47:03 --> Invalid argument supplied for foreach()
#0 /app/myapp/app/Controllers/Carrinho.php(33): CodeIgniter\Debug\Exceptions->errorHandler()
#1 /app/myapp/system/CodeIgniter.php(825): App\Controllers\Carrinho->mini_cart()
#2 /app/myapp/system/CodeIgniter.php(412): CodeIgniter\CodeIgniter->runController()
#3 /app/myapp/system/CodeIgniter.php(320): CodeIgniter\CodeIgniter->handleRequest()
#4 /app/myapp/public/index.php(37): CodeIgniter\CodeIgniter->run()
#5 {main}
CRITICAL - 2022-01-27 06:47:04 --> count(): Parameter must be an array or an object that implements Countable
#0 [internal function]: CodeIgniter\Debug\Exceptions->errorHandler()
#1 /app/myapp/app/Controllers/Carrinho.php(22): count()
#2 /app/myapp/system/CodeIgniter.php(825): App\Controllers\Carrinho->count()
#3 /app/myapp/system/CodeIgniter.php(412): CodeIgniter\CodeIgniter->runController()
#4 /app/myapp/system/CodeIgniter.php(320): CodeIgniter\CodeIgniter->handleRequest()
#5 /app/myapp/public/index.php(37): CodeIgniter\CodeIgniter->run()
#6 {main}
CRITICAL - 2022-01-27 06:48:48 --> count(): Parameter must be an array or an object that implements Countable
#0 [internal function]: CodeIgniter\Debug\Exceptions->errorHandler()
#1 /app/myapp/app/Controllers/Carrinho.php(22): count()
#2 /app/myapp/system/CodeIgniter.php(825): App\Controllers\Carrinho->count()
#3 /app/myapp/system/CodeIgniter.php(412): CodeIgniter\CodeIgniter->runController()
#4 /app/myapp/system/CodeIgniter.php(320): CodeIgniter\CodeIgniter->handleRequest()
#5 /app/myapp/public/index.php(37): CodeIgniter\CodeIgniter->run()
#6 {main}
CRITICAL - 2022-01-27 06:48:49 --> Invalid argument supplied for foreach()
#0 /app/myapp/app/Controllers/Carrinho.php(33): CodeIgniter\Debug\Exceptions->errorHandler()
#1 /app/myapp/system/CodeIgniter.php(825): App\Controllers\Carrinho->mini_cart()
#2 /app/myapp/system/CodeIgniter.php(412): CodeIgniter\CodeIgniter->runController()
#3 /app/myapp/system/CodeIgniter.php(320): CodeIgniter\CodeIgniter->handleRequest()
#4 /app/myapp/public/index.php(37): CodeIgniter\CodeIgniter->run()
#5 {main}
CRITICAL - 2022-01-27 06:48:50 --> count(): Parameter must be an array or an object that implements Countable
#0 [internal function]: CodeIgniter\Debug\Exceptions->errorHandler()
#1 /app/myapp/app/Controllers/Carrinho.php(22): count()
#2 /app/myapp/system/CodeIgniter.php(825): App\Controllers\Carrinho->count()
#3 /app/myapp/system/CodeIgniter.php(412): CodeIgniter\CodeIgniter->runController()
#4 /app/myapp/system/CodeIgniter.php(320): CodeIgniter\CodeIgniter->handleRequest()
#5 /app/myapp/public/index.php(37): CodeIgniter\CodeIgniter->run()
#6 {main}
CRITICAL - 2022-01-27 06:48:51 --> Invalid argument supplied for foreach()
#0 /app/myapp/app/Controllers/Carrinho.php(33): CodeIgniter\Debug\Exceptions->errorHandler()
#1 /app/myapp/system/CodeIgniter.php(825): App\Controllers\Carrinho->mini_cart()
#2 /app/myapp/system/CodeIgniter.php(412): CodeIgniter\CodeIgniter->runController()
#3 /app/myapp/system/CodeIgniter.php(320): CodeIgniter\CodeIgniter->handleRequest()
#4 /app/myapp/public/index.php(37): CodeIgniter\CodeIgniter->run()
#5 {main}
CRITICAL - 2022-01-27 06:48:52 --> count(): Parameter must be an array or an object that implements Countable
#0 [internal function]: CodeIgniter\Debug\Exceptions->errorHandler()
#1 /app/myapp/app/Controllers/Carrinho.php(22): count()
#2 /app/myapp/system/CodeIgniter.php(825): App\Controllers\Carrinho->count()
#3 /app/myapp/system/CodeIgniter.php(412): CodeIgniter\CodeIgniter->runController()
#4 /app/myapp/system/CodeIgniter.php(320): CodeIgniter\CodeIgniter->handleRequest()
#5 /app/myapp/public/index.php(37): CodeIgniter\CodeIgniter->run()
#6 {main}
CRITICAL - 2022-01-27 06:48:53 --> Invalid argument supplied for foreach()
#0 /app/myapp/app/Controllers/Carrinho.php(33): CodeIgniter\Debug\Exceptions->errorHandler()
#1 /app/myapp/system/CodeIgniter.php(825): App\Controllers\Carrinho->mini_cart()
#2 /app/myapp/system/CodeIgniter.php(412): CodeIgniter\CodeIgniter->runController()
#3 /app/myapp/system/CodeIgniter.php(320): CodeIgniter\CodeIgniter->handleRequest()
#4 /app/myapp/public/index.php(37): CodeIgniter\CodeIgniter->run()
#5 {main}
CRITICAL - 2022-01-27 06:48:54 --> count(): Parameter must be an array or an object that implements Countable
#0 [internal function]: CodeIgniter\Debug\Exceptions->errorHandler()
#1 /app/myapp/app/Controllers/Carrinho.php(22): count()
#2 /app/myapp/system/CodeIgniter.php(825): App\Controllers\Carrinho->count()
#3 /app/myapp/system/CodeIgniter.php(412): CodeIgniter\CodeIgniter->runController()
#4 /app/myapp/system/CodeIgniter.php(320): CodeIgniter\CodeIgniter->handleRequest()
#5 /app/myapp/public/index.php(37): CodeIgniter\CodeIgniter->run()
#6 {main}
CRITICAL - 2022-01-27 06:48:55 --> Invalid argument supplied for foreach()
#0 /app/myapp/app/Controllers/Carrinho.php(33): CodeIgniter\Debug\Exceptions->errorHandler()
#1 /app/myapp/system/CodeIgniter.php(825): App\Controllers\Carrinho->mini_cart()
#2 /app/myapp/system/CodeIgniter.php(412): CodeIgniter\CodeIgniter->runController()
#3 /app/myapp/system/CodeIgniter.php(320): CodeIgniter\CodeIgniter->handleRequest()
#4 /app/myapp/public/index.php(37): CodeIgniter\CodeIgniter->run()
#5 {main}
CRITICAL - 2022-01-27 06:48:55 --> count(): Parameter must be an array or an object that implements Countable
#0 [internal function]: CodeIgniter\Debug\Exceptions->errorHandler()
#1 /app/myapp/app/Controllers/Carrinho.php(22): count()
#2 /app/myapp/system/CodeIgniter.php(825): App\Controllers\Carrinho->count()
#3 /app/myapp/system/CodeIgniter.php(412): CodeIgniter\CodeIgniter->runController()
#4 /app/myapp/system/CodeIgniter.php(320): CodeIgniter\CodeIgniter->handleRequest()
#5 /app/myapp/public/index.php(37): CodeIgniter\CodeIgniter->run()
#6 {main}
CRITICAL - 2022-01-27 06:48:57 --> Invalid argument supplied for foreach()
#0 /app/myapp/app/Controllers/Carrinho.php(33): CodeIgniter\Debug\Exceptions->errorHandler()
#1 /app/myapp/system/CodeIgniter.php(825): App\Controllers\Carrinho->mini_cart()
#2 /app/myapp/system/CodeIgniter.php(412): CodeIgniter\CodeIgniter->runController()
#3 /app/myapp/system/CodeIgniter.php(320): CodeIgniter\CodeIgniter->handleRequest()
#4 /app/myapp/public/index.php(37): CodeIgniter\CodeIgniter->run()
#5 {main}
CRITICAL - 2022-01-27 06:48:58 --> count(): Parameter must be an array or an object that implements Countable
#0 [internal function]: CodeIgniter\Debug\Exceptions->errorHandler()
#1 /app/myapp/app/Controllers/Carrinho.php(22): count()
#2 /app/myapp/system/CodeIgniter.php(825): App\Controllers\Carrinho->count()
#3 /app/myapp/system/CodeIgniter.php(412): CodeIgniter\CodeIgniter->runController()
#4 /app/myapp/system/CodeIgniter.php(320): CodeIgniter\CodeIgniter->handleRequest()
#5 /app/myapp/public/index.php(37): CodeIgniter\CodeIgniter->run()
#6 {main}
CRITICAL - 2022-01-27 06:48:58 --> Invalid argument supplied for foreach()
#0 /app/myapp/app/Controllers/Carrinho.php(33): CodeIgniter\Debug\Exceptions->errorHandler()
#1 /app/myapp/system/CodeIgniter.php(825): App\Controllers\Carrinho->mini_cart()
#2 /app/myapp/system/CodeIgniter.php(412): CodeIgniter\CodeIgniter->runController()
#3 /app/myapp/system/CodeIgniter.php(320): CodeIgniter\CodeIgniter->handleRequest()
#4 /app/myapp/public/index.php(37): CodeIgniter\CodeIgniter->run()
#5 {main}
CRITICAL - 2022-01-27 06:48:59 --> count(): Parameter must be an array or an object that implements Countable
#0 [internal function]: CodeIgniter\Debug\Exceptions->errorHandler()
#1 /app/myapp/app/Controllers/Carrinho.php(22): count()
#2 /app/myapp/system/CodeIgniter.php(825): App\Controllers\Carrinho->count()
#3 /app/myapp/system/CodeIgniter.php(412): CodeIgniter\CodeIgniter->runController()
#4 /app/myapp/system/CodeIgniter.php(320): CodeIgniter\CodeIgniter->handleRequest()
#5 /app/myapp/public/index.php(37): CodeIgniter\CodeIgniter->run()
#6 {main}
CRITICAL - 2022-01-27 06:49:00 --> count(): Parameter must be an array or an object that implements Countable
#0 [internal function]: CodeIgniter\Debug\Exceptions->errorHandler()
#1 /app/myapp/app/Controllers/Carrinho.php(22): count()
#2 /app/myapp/system/CodeIgniter.php(825): App\Controllers\Carrinho->count()
#3 /app/myapp/system/CodeIgniter.php(412): CodeIgniter\CodeIgniter->runController()
#4 /app/myapp/system/CodeIgniter.php(320): CodeIgniter\CodeIgniter->handleRequest()
#5 /app/myapp/public/index.php(37): CodeIgniter\CodeIgniter->run()
#6 {main}
CRITICAL - 2022-01-27 06:49:01 --> Invalid argument supplied for foreach()
#0 /app/myapp/app/Controllers/Carrinho.php(33): CodeIgniter\Debug\Exceptions->errorHandler()
#1 /app/myapp/system/CodeIgniter.php(825): App\Controllers\Carrinho->mini_cart()
#2 /app/myapp/system/CodeIgniter.php(412): CodeIgniter\CodeIgniter->runController()
#3 /app/myapp/system/CodeIgniter.php(320): CodeIgniter\CodeIgniter->handleRequest()
#4 /app/myapp/public/index.php(37): CodeIgniter\CodeIgniter->run()
#5 {main}
CRITICAL - 2022-01-27 06:58:34 --> Invalid argument supplied for foreach()
#0 /app/myapp/app/Controllers/Carrinho.php(33): CodeIgniter\Debug\Exceptions->errorHandler()
#1 /app/myapp/system/CodeIgniter.php(825): App\Controllers\Carrinho->mini_cart()
#2 /app/myapp/system/CodeIgniter.php(412): CodeIgniter\CodeIgniter->runController()
#3 /app/myapp/system/CodeIgniter.php(320): CodeIgniter\CodeIgniter->handleRequest()
#4 /app/myapp/public/index.php(37): CodeIgniter\CodeIgniter->run()
#5 {main}
CRITICAL - 2022-01-27 06:58:35 --> count(): Parameter must be an array or an object that implements Countable
#0 [internal function]: CodeIgniter\Debug\Exceptions->errorHandler()
#1 /app/myapp/app/Controllers/Carrinho.php(22): count()
#2 /app/myapp/system/CodeIgniter.php(825): App\Controllers\Carrinho->count()
#3 /app/myapp/system/CodeIgniter.php(412): CodeIgniter\CodeIgniter->runController()
#4 /app/myapp/system/CodeIgniter.php(320): CodeIgniter\CodeIgniter->handleRequest()
#5 /app/myapp/public/index.php(37): CodeIgniter\CodeIgniter->run()
#6 {main}
CRITICAL - 2022-01-27 07:01:27 --> Invalid argument supplied for foreach()
#0 /app/myapp/app/Views/carrinho.php(43): CodeIgniter\Debug\Exceptions->errorHandler()
#1 /app/myapp/system/View/View.php(210): include('/app/myapp/app/...')
#2 /app/myapp/system/View/View.php(213): CodeIgniter\View\View->CodeIgniter\View\{closure}()
#3 /app/myapp/system/Common.php(1089): CodeIgniter\View\View->render()
#4 /app/myapp/app/Libraries/Template.php(12): view()
#5 /app/myapp/app/Controllers/Carrinho.php(12): App\Libraries\Template->show()
#6 /app/myapp/system/CodeIgniter.php(825): App\Controllers\Carrinho->index()
#7 /app/myapp/system/CodeIgniter.php(412): CodeIgniter\CodeIgniter->runController()
#8 /app/myapp/system/CodeIgniter.php(320): CodeIgniter\CodeIgniter->handleRequest()
#9 /app/myapp/public/index.php(37): CodeIgniter\CodeIgniter->run()
#10 {main}
CRITICAL - 2022-01-27 07:02:13 --> Invalid argument supplied for foreach()
#0 /app/myapp/app/Views/carrinho.php(43): CodeIgniter\Debug\Exceptions->errorHandler()
#1 /app/myapp/system/View/View.php(210): include('/app/myapp/app/...')
#2 /app/myapp/system/View/View.php(213): CodeIgniter\View\View->CodeIgniter\View\{closure}()
#3 /app/myapp/system/Common.php(1089): CodeIgniter\View\View->render()
#4 /app/myapp/app/Libraries/Template.php(12): view()
#5 /app/myapp/app/Controllers/Carrinho.php(12): App\Libraries\Template->show()
#6 /app/myapp/system/CodeIgniter.php(825): App\Controllers\Carrinho->index()
#7 /app/myapp/system/CodeIgniter.php(412): CodeIgniter\CodeIgniter->runController()
#8 /app/myapp/system/CodeIgniter.php(320): CodeIgniter\CodeIgniter->handleRequest()
#9 /app/myapp/public/index.php(37): CodeIgniter\CodeIgniter->run()
#10 {main}
CRITICAL - 2022-01-27 07:03:40 --> Invalid argument supplied for foreach()
#0 /app/myapp/app/Views/carrinho.php(42): CodeIgniter\Debug\Exceptions->errorHandler()
#1 /app/myapp/system/View/View.php(210): include('/app/myapp/app/...')
#2 /app/myapp/system/View/View.php(213): CodeIgniter\View\View->CodeIgniter\View\{closure}()
#3 /app/myapp/system/Common.php(1089): CodeIgniter\View\View->render()
#4 /app/myapp/app/Libraries/Template.php(12): view()
#5 /app/myapp/app/Controllers/Carrinho.php(14): App\Libraries\Template->show()
#6 /app/myapp/system/CodeIgniter.php(825): App\Controllers\Carrinho->index()
#7 /app/myapp/system/CodeIgniter.php(412): CodeIgniter\CodeIgniter->runController()
#8 /app/myapp/system/CodeIgniter.php(320): CodeIgniter\CodeIgniter->handleRequest()
#9 /app/myapp/public/index.php(37): CodeIgniter\CodeIgniter->run()
#10 {main}
CRITICAL - 2022-01-27 07:04:06 --> var_dump() expects at least 1 parameter, 0 given
#0 [internal function]: CodeIgniter\Debug\Exceptions->errorHandler()
#1 /app/myapp/app/Views/carrinho.php(42): var_dump()
#2 /app/myapp/system/View/View.php(210): include('/app/myapp/app/...')
#3 /app/myapp/system/View/View.php(213): CodeIgniter\View\View->CodeIgniter\View\{closure}()
#4 /app/myapp/system/Common.php(1089): CodeIgniter\View\View->render()
#5 /app/myapp/app/Libraries/Template.php(12): view()
#6 /app/myapp/app/Controllers/Carrinho.php(14): App\Libraries\Template->show()
#7 /app/myapp/system/CodeIgniter.php(825): App\Controllers\Carrinho->index()
#8 /app/myapp/system/CodeIgniter.php(412): CodeIgniter\CodeIgniter->runController()
#9 /app/myapp/system/CodeIgniter.php(320): CodeIgniter\CodeIgniter->handleRequest()
#10 /app/myapp/public/index.php(37): CodeIgniter\CodeIgniter->run()
#11 {main}
CRITICAL - 2022-01-27 07:06:34 --> Call to a member function show() on null
#0 /app/myapp/system/CodeIgniter.php(825): App\Controllers\Carrinho->index()
#1 /app/myapp/system/CodeIgniter.php(412): CodeIgniter\CodeIgniter->runController()
#2 /app/myapp/system/CodeIgniter.php(320): CodeIgniter\CodeIgniter->handleRequest()
#3 /app/myapp/public/index.php(37): CodeIgniter\CodeIgniter->run()
#4 {main}
