CRITICAL - 2022-01-25 20:48:59 --> syntax error, unexpected '}'
#0 /app/myapp/system/Autoloader/Autoloader.php(241): CodeIgniter\Autoloader\Autoloader->includeFile()
#1 /app/myapp/system/Autoloader/Autoloader.php(219): CodeIgniter\Autoloader\Autoloader->loadInNamespace()
#2 [internal function]: CodeIgniter\Autoloader\Autoloader->loadClass()
#3 [internal function]: spl_autoload_call()
#4 /app/myapp/system/CodeIgniter.php(790): class_exists()
#5 /app/myapp/system/CodeIgniter.php(399): CodeIgniter\CodeIgniter->startController()
#6 /app/myapp/system/CodeIgniter.php(320): CodeIgniter\CodeIgniter->handleRequest()
#7 /app/myapp/public/index.php(37): CodeIgniter\CodeIgniter->run()
#8 {main}
CRITICAL - 2022-01-25 20:54:38 --> Call to a member function model() on null
#0 /app/myapp/system/CodeIgniter.php(825): App\Controllers\Home->index()
#1 /app/myapp/system/CodeIgniter.php(412): CodeIgniter\CodeIgniter->runController()
#2 /app/myapp/system/CodeIgniter.php(320): CodeIgniter\CodeIgniter->handleRequest()
#3 /app/myapp/public/index.php(37): CodeIgniter\CodeIgniter->run()
#4 {main}
CRITICAL - 2022-01-25 20:55:23 --> Call to a member function model() on null
#0 /app/myapp/system/CodeIgniter.php(825): App\Controllers\Home->index()
#1 /app/myapp/system/CodeIgniter.php(412): CodeIgniter\CodeIgniter->runController()
#2 /app/myapp/system/CodeIgniter.php(320): CodeIgniter\CodeIgniter->handleRequest()
#3 /app/myapp/public/index.php(37): CodeIgniter\CodeIgniter->run()
#4 {main}
CRITICAL - 2022-01-25 20:55:48 --> Call to a member function model() on null
#0 /app/myapp/system/CodeIgniter.php(825): App\Controllers\Home->index()
#1 /app/myapp/system/CodeIgniter.php(412): CodeIgniter\CodeIgniter->runController()
#2 /app/myapp/system/CodeIgniter.php(320): CodeIgniter\CodeIgniter->handleRequest()
#3 /app/myapp/public/index.php(37): CodeIgniter\CodeIgniter->run()
#4 {main}
CRITICAL - 2022-01-25 20:56:18 --> Call to a member function model() on null
#0 /app/myapp/system/CodeIgniter.php(825): App\Controllers\Home->index()
#1 /app/myapp/system/CodeIgniter.php(412): CodeIgniter\CodeIgniter->runController()
#2 /app/myapp/system/CodeIgniter.php(320): CodeIgniter\CodeIgniter->handleRequest()
#3 /app/myapp/public/index.php(37): CodeIgniter\CodeIgniter->run()
#4 {main}
CRITICAL - 2022-01-25 20:56:19 --> Call to a member function model() on null
#0 /app/myapp/system/CodeIgniter.php(825): App\Controllers\Home->index()
#1 /app/myapp/system/CodeIgniter.php(412): CodeIgniter\CodeIgniter->runController()
#2 /app/myapp/system/CodeIgniter.php(320): CodeIgniter\CodeIgniter->handleRequest()
#3 /app/myapp/public/index.php(37): CodeIgniter\CodeIgniter->run()
#4 {main}
CRITICAL - 2022-01-25 20:56:20 --> Call to a member function model() on null
#0 /app/myapp/system/CodeIgniter.php(825): App\Controllers\Home->index()
#1 /app/myapp/system/CodeIgniter.php(412): CodeIgniter\CodeIgniter->runController()
#2 /app/myapp/system/CodeIgniter.php(320): CodeIgniter\CodeIgniter->handleRequest()
#3 /app/myapp/public/index.php(37): CodeIgniter\CodeIgniter->run()
#4 {main}
CRITICAL - 2022-01-25 20:57:55 --> Namespace declaration statement has to be the very first statement or after any declare call in the script
#0 [internal function]: CodeIgniter\Debug\Exceptions->shutdownHandler()
#1 {main}
CRITICAL - 2022-01-25 20:57:57 --> Namespace declaration statement has to be the very first statement or after any declare call in the script
#0 [internal function]: CodeIgniter\Debug\Exceptions->shutdownHandler()
#1 {main}
CRITICAL - 2022-01-25 20:58:24 --> Namespace declaration statement has to be the very first statement or after any declare call in the script
#0 [internal function]: CodeIgniter\Debug\Exceptions->shutdownHandler()
#1 {main}
CRITICAL - 2022-01-25 20:58:25 --> Namespace declaration statement has to be the very first statement or after any declare call in the script
#0 [internal function]: CodeIgniter\Debug\Exceptions->shutdownHandler()
#1 {main}
CRITICAL - 2022-01-25 20:58:54 --> Namespace declaration statement has to be the very first statement or after any declare call in the script
#0 [internal function]: CodeIgniter\Debug\Exceptions->shutdownHandler()
#1 {main}
CRITICAL - 2022-01-25 20:58:56 --> Namespace declaration statement has to be the very first statement or after any declare call in the script
#0 [internal function]: CodeIgniter\Debug\Exceptions->shutdownHandler()
#1 {main}
CRITICAL - 2022-01-25 20:59:13 --> Namespace declaration statement has to be the very first statement or after any declare call in the script
#0 [internal function]: CodeIgniter\Debug\Exceptions->shutdownHandler()
#1 {main}
CRITICAL - 2022-01-25 20:59:14 --> Namespace declaration statement has to be the very first statement or after any declare call in the script
#0 [internal function]: CodeIgniter\Debug\Exceptions->shutdownHandler()
#1 {main}
CRITICAL - 2022-01-25 21:01:33 --> Namespace declaration statement has to be the very first statement or after any declare call in the script
#0 [internal function]: CodeIgniter\Debug\Exceptions->shutdownHandler()
#1 {main}
CRITICAL - 2022-01-25 21:03:03 --> Namespace declaration statement has to be the very first statement or after any declare call in the script
#0 [internal function]: CodeIgniter\Debug\Exceptions->shutdownHandler()
#1 {main}
CRITICAL - 2022-01-25 21:03:04 --> Namespace declaration statement has to be the very first statement or after any declare call in the script
#0 [internal function]: CodeIgniter\Debug\Exceptions->shutdownHandler()
#1 {main}
CRITICAL - 2022-01-25 21:03:21 --> Namespace declaration statement has to be the very first statement or after any declare call in the script
#0 [internal function]: CodeIgniter\Debug\Exceptions->shutdownHandler()
#1 {main}
CRITICAL - 2022-01-25 21:03:23 --> Namespace declaration statement has to be the very first statement or after any declare call in the script
#0 [internal function]: CodeIgniter\Debug\Exceptions->shutdownHandler()
#1 {main}
CRITICAL - 2022-01-25 21:03:23 --> Namespace declaration statement has to be the very first statement or after any declare call in the script
#0 [internal function]: CodeIgniter\Debug\Exceptions->shutdownHandler()
#1 {main}
CRITICAL - 2022-01-25 21:03:35 --> Namespace declaration statement has to be the very first statement or after any declare call in the script
#0 [internal function]: CodeIgniter\Debug\Exceptions->shutdownHandler()
#1 {main}
CRITICAL - 2022-01-25 21:03:51 --> Namespace declaration statement has to be the very first statement or after any declare call in the script
#0 [internal function]: CodeIgniter\Debug\Exceptions->shutdownHandler()
#1 {main}
CRITICAL - 2022-01-25 21:03:59 --> Namespace declaration statement has to be the very first statement or after any declare call in the script
#0 [internal function]: CodeIgniter\Debug\Exceptions->shutdownHandler()
#1 {main}
CRITICAL - 2022-01-25 21:04:19 --> Namespace declaration statement has to be the very first statement or after any declare call in the script
#0 [internal function]: CodeIgniter\Debug\Exceptions->shutdownHandler()
#1 {main}
CRITICAL - 2022-01-25 21:05:17 --> Namespace declaration statement has to be the very first statement or after any declare call in the script
#0 [internal function]: CodeIgniter\Debug\Exceptions->shutdownHandler()
#1 {main}
CRITICAL - 2022-01-25 21:07:20 --> Namespace declaration statement has to be the very first statement or after any declare call in the script
#0 [internal function]: CodeIgniter\Debug\Exceptions->shutdownHandler()
#1 {main}
CRITICAL - 2022-01-25 21:08:02 --> Namespace declaration statement has to be the very first statement or after any declare call in the script
#0 [internal function]: CodeIgniter\Debug\Exceptions->shutdownHandler()
#1 {main}
CRITICAL - 2022-01-25 21:12:53 --> Namespace declaration statement has to be the very first statement or after any declare call in the script
#0 [internal function]: CodeIgniter\Debug\Exceptions->shutdownHandler()
#1 {main}
CRITICAL - 2022-01-25 21:14:22 --> Namespace declaration statement has to be the very first statement or after any declare call in the script
#0 [internal function]: CodeIgniter\Debug\Exceptions->shutdownHandler()
#1 {main}
CRITICAL - 2022-01-25 21:14:28 --> Namespace declaration statement has to be the very first statement or after any declare call in the script
#0 [internal function]: CodeIgniter\Debug\Exceptions->shutdownHandler()
#1 {main}
CRITICAL - 2022-01-25 21:14:42 --> Namespace declaration statement has to be the very first statement or after any declare call in the script
#0 [internal function]: CodeIgniter\Debug\Exceptions->shutdownHandler()
#1 {main}
CRITICAL - 2022-01-25 21:14:44 --> Namespace declaration statement has to be the very first statement or after any declare call in the script
#0 [internal function]: CodeIgniter\Debug\Exceptions->shutdownHandler()
#1 {main}
CRITICAL - 2022-01-25 21:14:52 --> Namespace declaration statement has to be the very first statement or after any declare call in the script
#0 [internal function]: CodeIgniter\Debug\Exceptions->shutdownHandler()
#1 {main}
CRITICAL - 2022-01-25 21:15:00 --> Declaration of Basic::insert($table, $data) should be compatible with CodeIgniter\Model::insert($data = NULL, bool $returnID = true)
#0 /app/myapp/app/Models/Basic.php(7): CodeIgniter\Debug\Exceptions->errorHandler()
#1 /app/myapp/system/Autoloader/Autoloader.php(264): include_once('/app/myapp/app/...')
#2 /app/myapp/system/Autoloader/Autoloader.php(241): CodeIgniter\Autoloader\Autoloader->includeFile()
#3 /app/myapp/system/Autoloader/Autoloader.php(219): CodeIgniter\Autoloader\Autoloader->loadInNamespace()
#4 [internal function]: CodeIgniter\Autoloader\Autoloader->loadClass()
#5 [internal function]: spl_autoload_call()
#6 /app/myapp/system/Config/Factories.php(136): class_exists()
#7 /app/myapp/system/Config/Factories.php(106): CodeIgniter\Config\Factories::locateClass()
#8 /app/myapp/system/Common.php(780): CodeIgniter\Config\Factories::__callStatic()
#9 /app/myapp/app/Controllers/Home.php(9): model()
#10 /app/myapp/system/CodeIgniter.php(825): App\Controllers\Home->index()
#11 /app/myapp/system/CodeIgniter.php(412): CodeIgniter\CodeIgniter->runController()
#12 /app/myapp/system/CodeIgniter.php(320): CodeIgniter\CodeIgniter->handleRequest()
#13 /app/myapp/public/index.php(37): CodeIgniter\CodeIgniter->run()
#14 {main}
CRITICAL - 2022-01-25 21:15:10 --> Class 'Model' not found
#0 /app/myapp/system/Autoloader/Autoloader.php(264): include_once()
#1 /app/myapp/system/Autoloader/Autoloader.php(241): CodeIgniter\Autoloader\Autoloader->includeFile()
#2 /app/myapp/system/Autoloader/Autoloader.php(219): CodeIgniter\Autoloader\Autoloader->loadInNamespace()
#3 [internal function]: CodeIgniter\Autoloader\Autoloader->loadClass()
#4 [internal function]: spl_autoload_call()
#5 /app/myapp/system/Config/Factories.php(136): class_exists()
#6 /app/myapp/system/Config/Factories.php(106): CodeIgniter\Config\Factories::locateClass()
#7 /app/myapp/system/Common.php(780): CodeIgniter\Config\Factories::__callStatic()
#8 /app/myapp/app/Controllers/Home.php(9): model()
#9 /app/myapp/system/CodeIgniter.php(825): App\Controllers\Home->index()
#10 /app/myapp/system/CodeIgniter.php(412): CodeIgniter\CodeIgniter->runController()
#11 /app/myapp/system/CodeIgniter.php(320): CodeIgniter\CodeIgniter->handleRequest()
#12 /app/myapp/public/index.php(37): CodeIgniter\CodeIgniter->run()
#13 {main}
CRITICAL - 2022-01-25 21:15:14 --> Class 'Model' not found
#0 /app/myapp/system/Autoloader/Autoloader.php(264): include_once()
#1 /app/myapp/system/Autoloader/Autoloader.php(241): CodeIgniter\Autoloader\Autoloader->includeFile()
#2 /app/myapp/system/Autoloader/Autoloader.php(219): CodeIgniter\Autoloader\Autoloader->loadInNamespace()
#3 [internal function]: CodeIgniter\Autoloader\Autoloader->loadClass()
#4 [internal function]: spl_autoload_call()
#5 /app/myapp/system/Config/Factories.php(136): class_exists()
#6 /app/myapp/system/Config/Factories.php(106): CodeIgniter\Config\Factories::locateClass()
#7 /app/myapp/system/Common.php(780): CodeIgniter\Config\Factories::__callStatic()
#8 /app/myapp/app/Controllers/Home.php(9): model()
#9 /app/myapp/system/CodeIgniter.php(825): App\Controllers\Home->index()
#10 /app/myapp/system/CodeIgniter.php(412): CodeIgniter\CodeIgniter->runController()
#11 /app/myapp/system/CodeIgniter.php(320): CodeIgniter\CodeIgniter->handleRequest()
#12 /app/myapp/public/index.php(37): CodeIgniter\CodeIgniter->run()
#13 {main}
CRITICAL - 2022-01-25 21:15:16 --> Class 'Model' not found
#0 /app/myapp/system/Autoloader/Autoloader.php(264): include_once()
#1 /app/myapp/system/Autoloader/Autoloader.php(241): CodeIgniter\Autoloader\Autoloader->includeFile()
#2 /app/myapp/system/Autoloader/Autoloader.php(219): CodeIgniter\Autoloader\Autoloader->loadInNamespace()
#3 [internal function]: CodeIgniter\Autoloader\Autoloader->loadClass()
#4 [internal function]: spl_autoload_call()
#5 /app/myapp/system/Config/Factories.php(136): class_exists()
#6 /app/myapp/system/Config/Factories.php(106): CodeIgniter\Config\Factories::locateClass()
#7 /app/myapp/system/Common.php(780): CodeIgniter\Config\Factories::__callStatic()
#8 /app/myapp/app/Controllers/Home.php(9): model()
#9 /app/myapp/system/CodeIgniter.php(825): App\Controllers\Home->index()
#10 /app/myapp/system/CodeIgniter.php(412): CodeIgniter\CodeIgniter->runController()
#11 /app/myapp/system/CodeIgniter.php(320): CodeIgniter\CodeIgniter->handleRequest()
#12 /app/myapp/public/index.php(37): CodeIgniter\CodeIgniter->run()
#13 {main}
CRITICAL - 2022-01-25 21:15:17 --> Class 'Model' not found
#0 /app/myapp/system/Autoloader/Autoloader.php(264): include_once()
#1 /app/myapp/system/Autoloader/Autoloader.php(241): CodeIgniter\Autoloader\Autoloader->includeFile()
#2 /app/myapp/system/Autoloader/Autoloader.php(219): CodeIgniter\Autoloader\Autoloader->loadInNamespace()
#3 [internal function]: CodeIgniter\Autoloader\Autoloader->loadClass()
#4 [internal function]: spl_autoload_call()
#5 /app/myapp/system/Config/Factories.php(136): class_exists()
#6 /app/myapp/system/Config/Factories.php(106): CodeIgniter\Config\Factories::locateClass()
#7 /app/myapp/system/Common.php(780): CodeIgniter\Config\Factories::__callStatic()
#8 /app/myapp/app/Controllers/Home.php(9): model()
#9 /app/myapp/system/CodeIgniter.php(825): App\Controllers\Home->index()
#10 /app/myapp/system/CodeIgniter.php(412): CodeIgniter\CodeIgniter->runController()
#11 /app/myapp/system/CodeIgniter.php(320): CodeIgniter\CodeIgniter->handleRequest()
#12 /app/myapp/public/index.php(37): CodeIgniter\CodeIgniter->run()
#13 {main}
CRITICAL - 2022-01-25 21:15:50 --> Namespace declaration statement has to be the very first statement or after any declare call in the script
#0 [internal function]: CodeIgniter\Debug\Exceptions->shutdownHandler()
#1 {main}
CRITICAL - 2022-01-25 21:16:13 --> Namespace declaration statement has to be the very first statement or after any declare call in the script
#0 [internal function]: CodeIgniter\Debug\Exceptions->shutdownHandler()
#1 {main}
CRITICAL - 2022-01-25 21:18:56 --> Declaration of app\Models\Basic::insert($table, $data) should be compatible with CodeIgniter\Model::insert($data = NULL, bool $returnID = true)
#0 /app/myapp/app/Models/Basic.php(7): CodeIgniter\Debug\Exceptions->errorHandler()
#1 /app/myapp/system/Autoloader/Autoloader.php(264): include_once('/app/myapp/app/...')
#2 /app/myapp/system/Autoloader/Autoloader.php(241): CodeIgniter\Autoloader\Autoloader->includeFile()
#3 /app/myapp/system/Autoloader/Autoloader.php(219): CodeIgniter\Autoloader\Autoloader->loadInNamespace()
#4 [internal function]: CodeIgniter\Autoloader\Autoloader->loadClass()
#5 [internal function]: spl_autoload_call()
#6 /app/myapp/system/Config/Factories.php(136): class_exists()
#7 /app/myapp/system/Config/Factories.php(106): CodeIgniter\Config\Factories::locateClass()
#8 /app/myapp/system/Common.php(780): CodeIgniter\Config\Factories::__callStatic()
#9 /app/myapp/app/Controllers/Home.php(9): model()
#10 /app/myapp/system/CodeIgniter.php(825): App\Controllers\Home->index()
#11 /app/myapp/system/CodeIgniter.php(412): CodeIgniter\CodeIgniter->runController()
#12 /app/myapp/system/CodeIgniter.php(320): CodeIgniter\CodeIgniter->handleRequest()
#13 /app/myapp/public/index.php(37): CodeIgniter\CodeIgniter->run()
#14 {main}
CRITICAL - 2022-01-25 21:19:01 --> Declaration of app\Models\Basic::insert($table, $data) should be compatible with CodeIgniter\Model::insert($data = NULL, bool $returnID = true)
#0 /app/myapp/app/Models/Basic.php(7): CodeIgniter\Debug\Exceptions->errorHandler()
#1 /app/myapp/system/Autoloader/Autoloader.php(264): include_once('/app/myapp/app/...')
#2 /app/myapp/system/Autoloader/Autoloader.php(241): CodeIgniter\Autoloader\Autoloader->includeFile()
#3 /app/myapp/system/Autoloader/Autoloader.php(219): CodeIgniter\Autoloader\Autoloader->loadInNamespace()
#4 [internal function]: CodeIgniter\Autoloader\Autoloader->loadClass()
#5 [internal function]: spl_autoload_call()
#6 /app/myapp/system/Config/Factories.php(136): class_exists()
#7 /app/myapp/system/Config/Factories.php(106): CodeIgniter\Config\Factories::locateClass()
#8 /app/myapp/system/Common.php(780): CodeIgniter\Config\Factories::__callStatic()
#9 /app/myapp/app/Controllers/Home.php(9): model()
#10 /app/myapp/system/CodeIgniter.php(825): App\Controllers\Home->index()
#11 /app/myapp/system/CodeIgniter.php(412): CodeIgniter\CodeIgniter->runController()
#12 /app/myapp/system/CodeIgniter.php(320): CodeIgniter\CodeIgniter->handleRequest()
#13 /app/myapp/public/index.php(37): CodeIgniter\CodeIgniter->run()
#14 {main}
CRITICAL - 2022-01-25 21:19:02 --> Declaration of app\Models\Basic::insert($table, $data) should be compatible with CodeIgniter\Model::insert($data = NULL, bool $returnID = true)
#0 /app/myapp/app/Models/Basic.php(7): CodeIgniter\Debug\Exceptions->errorHandler()
#1 /app/myapp/system/Autoloader/Autoloader.php(264): include_once('/app/myapp/app/...')
#2 /app/myapp/system/Autoloader/Autoloader.php(241): CodeIgniter\Autoloader\Autoloader->includeFile()
#3 /app/myapp/system/Autoloader/Autoloader.php(219): CodeIgniter\Autoloader\Autoloader->loadInNamespace()
#4 [internal function]: CodeIgniter\Autoloader\Autoloader->loadClass()
#5 [internal function]: spl_autoload_call()
#6 /app/myapp/system/Config/Factories.php(136): class_exists()
#7 /app/myapp/system/Config/Factories.php(106): CodeIgniter\Config\Factories::locateClass()
#8 /app/myapp/system/Common.php(780): CodeIgniter\Config\Factories::__callStatic()
#9 /app/myapp/app/Controllers/Home.php(9): model()
#10 /app/myapp/system/CodeIgniter.php(825): App\Controllers\Home->index()
#11 /app/myapp/system/CodeIgniter.php(412): CodeIgniter\CodeIgniter->runController()
#12 /app/myapp/system/CodeIgniter.php(320): CodeIgniter\CodeIgniter->handleRequest()
#13 /app/myapp/public/index.php(37): CodeIgniter\CodeIgniter->run()
#14 {main}
CRITICAL - 2022-01-25 21:19:04 --> Declaration of app\Models\Basic::insert($table, $data) should be compatible with CodeIgniter\Model::insert($data = NULL, bool $returnID = true)
#0 /app/myapp/app/Models/Basic.php(7): CodeIgniter\Debug\Exceptions->errorHandler()
#1 /app/myapp/system/Autoloader/Autoloader.php(264): include_once('/app/myapp/app/...')
#2 /app/myapp/system/Autoloader/Autoloader.php(241): CodeIgniter\Autoloader\Autoloader->includeFile()
#3 /app/myapp/system/Autoloader/Autoloader.php(219): CodeIgniter\Autoloader\Autoloader->loadInNamespace()
#4 [internal function]: CodeIgniter\Autoloader\Autoloader->loadClass()
#5 [internal function]: spl_autoload_call()
#6 /app/myapp/system/Config/Factories.php(136): class_exists()
#7 /app/myapp/system/Config/Factories.php(106): CodeIgniter\Config\Factories::locateClass()
#8 /app/myapp/system/Common.php(780): CodeIgniter\Config\Factories::__callStatic()
#9 /app/myapp/app/Controllers/Home.php(9): model()
#10 /app/myapp/system/CodeIgniter.php(825): App\Controllers\Home->index()
#11 /app/myapp/system/CodeIgniter.php(412): CodeIgniter\CodeIgniter->runController()
#12 /app/myapp/system/CodeIgniter.php(320): CodeIgniter\CodeIgniter->handleRequest()
#13 /app/myapp/public/index.php(37): CodeIgniter\CodeIgniter->run()
#14 {main}
CRITICAL - 2022-01-25 21:19:05 --> Declaration of app\Models\Basic::insert($table, $data) should be compatible with CodeIgniter\Model::insert($data = NULL, bool $returnID = true)
#0 /app/myapp/app/Models/Basic.php(7): CodeIgniter\Debug\Exceptions->errorHandler()
#1 /app/myapp/system/Autoloader/Autoloader.php(264): include_once('/app/myapp/app/...')
#2 /app/myapp/system/Autoloader/Autoloader.php(241): CodeIgniter\Autoloader\Autoloader->includeFile()
#3 /app/myapp/system/Autoloader/Autoloader.php(219): CodeIgniter\Autoloader\Autoloader->loadInNamespace()
#4 [internal function]: CodeIgniter\Autoloader\Autoloader->loadClass()
#5 [internal function]: spl_autoload_call()
#6 /app/myapp/system/Config/Factories.php(136): class_exists()
#7 /app/myapp/system/Config/Factories.php(106): CodeIgniter\Config\Factories::locateClass()
#8 /app/myapp/system/Common.php(780): CodeIgniter\Config\Factories::__callStatic()
#9 /app/myapp/app/Controllers/Home.php(9): model()
#10 /app/myapp/system/CodeIgniter.php(825): App\Controllers\Home->index()
#11 /app/myapp/system/CodeIgniter.php(412): CodeIgniter\CodeIgniter->runController()
#12 /app/myapp/system/CodeIgniter.php(320): CodeIgniter\CodeIgniter->handleRequest()
#13 /app/myapp/public/index.php(37): CodeIgniter\CodeIgniter->run()
#14 {main}
CRITICAL - 2022-01-25 21:19:05 --> Declaration of app\Models\Basic::insert($table, $data) should be compatible with CodeIgniter\Model::insert($data = NULL, bool $returnID = true)
#0 /app/myapp/app/Models/Basic.php(7): CodeIgniter\Debug\Exceptions->errorHandler()
#1 /app/myapp/system/Autoloader/Autoloader.php(264): include_once('/app/myapp/app/...')
#2 /app/myapp/system/Autoloader/Autoloader.php(241): CodeIgniter\Autoloader\Autoloader->includeFile()
#3 /app/myapp/system/Autoloader/Autoloader.php(219): CodeIgniter\Autoloader\Autoloader->loadInNamespace()
#4 [internal function]: CodeIgniter\Autoloader\Autoloader->loadClass()
#5 [internal function]: spl_autoload_call()
#6 /app/myapp/system/Config/Factories.php(136): class_exists()
#7 /app/myapp/system/Config/Factories.php(106): CodeIgniter\Config\Factories::locateClass()
#8 /app/myapp/system/Common.php(780): CodeIgniter\Config\Factories::__callStatic()
#9 /app/myapp/app/Controllers/Home.php(9): model()
#10 /app/myapp/system/CodeIgniter.php(825): App\Controllers\Home->index()
#11 /app/myapp/system/CodeIgniter.php(412): CodeIgniter\CodeIgniter->runController()
#12 /app/myapp/system/CodeIgniter.php(320): CodeIgniter\CodeIgniter->handleRequest()
#13 /app/myapp/public/index.php(37): CodeIgniter\CodeIgniter->run()
#14 {main}
CRITICAL - 2022-01-25 21:19:06 --> Declaration of app\Models\Basic::insert($table, $data) should be compatible with CodeIgniter\Model::insert($data = NULL, bool $returnID = true)
#0 /app/myapp/app/Models/Basic.php(7): CodeIgniter\Debug\Exceptions->errorHandler()
#1 /app/myapp/system/Autoloader/Autoloader.php(264): include_once('/app/myapp/app/...')
#2 /app/myapp/system/Autoloader/Autoloader.php(241): CodeIgniter\Autoloader\Autoloader->includeFile()
#3 /app/myapp/system/Autoloader/Autoloader.php(219): CodeIgniter\Autoloader\Autoloader->loadInNamespace()
#4 [internal function]: CodeIgniter\Autoloader\Autoloader->loadClass()
#5 [internal function]: spl_autoload_call()
#6 /app/myapp/system/Config/Factories.php(136): class_exists()
#7 /app/myapp/system/Config/Factories.php(106): CodeIgniter\Config\Factories::locateClass()
#8 /app/myapp/system/Common.php(780): CodeIgniter\Config\Factories::__callStatic()
#9 /app/myapp/app/Controllers/Home.php(9): model()
#10 /app/myapp/system/CodeIgniter.php(825): App\Controllers\Home->index()
#11 /app/myapp/system/CodeIgniter.php(412): CodeIgniter\CodeIgniter->runController()
#12 /app/myapp/system/CodeIgniter.php(320): CodeIgniter\CodeIgniter->handleRequest()
#13 /app/myapp/public/index.php(37): CodeIgniter\CodeIgniter->run()
#14 {main}
CRITICAL - 2022-01-25 21:20:17 --> Declaration of app\Models\Basic::insert($table, $data) should be compatible with CodeIgniter\Model::insert($data = NULL, bool $returnID = true)
#0 /app/myapp/app/Models/Basic.php(7): CodeIgniter\Debug\Exceptions->errorHandler()
#1 /app/myapp/system/Autoloader/Autoloader.php(264): include_once('/app/myapp/app/...')
#2 /app/myapp/system/Autoloader/Autoloader.php(241): CodeIgniter\Autoloader\Autoloader->includeFile()
#3 /app/myapp/system/Autoloader/Autoloader.php(219): CodeIgniter\Autoloader\Autoloader->loadInNamespace()
#4 [internal function]: CodeIgniter\Autoloader\Autoloader->loadClass()
#5 [internal function]: spl_autoload_call()
#6 /app/myapp/system/Config/Factories.php(136): class_exists()
#7 /app/myapp/system/Config/Factories.php(106): CodeIgniter\Config\Factories::locateClass()
#8 /app/myapp/system/Common.php(780): CodeIgniter\Config\Factories::__callStatic()
#9 /app/myapp/app/Controllers/Home.php(9): model()
#10 /app/myapp/system/CodeIgniter.php(825): App\Controllers\Home->index()
#11 /app/myapp/system/CodeIgniter.php(412): CodeIgniter\CodeIgniter->runController()
#12 /app/myapp/system/CodeIgniter.php(320): CodeIgniter\CodeIgniter->handleRequest()
#13 /app/myapp/public/index.php(37): CodeIgniter\CodeIgniter->run()
#14 {main}
CRITICAL - 2022-01-25 21:25:36 --> Declaration of app\Models\Basic::insert($table, $data) should be compatible with CodeIgniter\Model::insert($data = NULL, bool $returnID = true)
#0 /app/myapp/app/Models/Basic.php(7): CodeIgniter\Debug\Exceptions->errorHandler()
#1 /app/myapp/system/Autoloader/Autoloader.php(264): include_once('/app/myapp/app/...')
#2 /app/myapp/system/Autoloader/Autoloader.php(241): CodeIgniter\Autoloader\Autoloader->includeFile()
#3 /app/myapp/system/Autoloader/Autoloader.php(219): CodeIgniter\Autoloader\Autoloader->loadInNamespace()
#4 [internal function]: CodeIgniter\Autoloader\Autoloader->loadClass()
#5 [internal function]: spl_autoload_call()
#6 /app/myapp/system/Config/Factories.php(136): class_exists()
#7 /app/myapp/system/Config/Factories.php(106): CodeIgniter\Config\Factories::locateClass()
#8 /app/myapp/system/Common.php(780): CodeIgniter\Config\Factories::__callStatic()
#9 /app/myapp/app/Controllers/Home.php(9): model()
#10 /app/myapp/system/CodeIgniter.php(825): App\Controllers\Home->index()
#11 /app/myapp/system/CodeIgniter.php(412): CodeIgniter\CodeIgniter->runController()
#12 /app/myapp/system/CodeIgniter.php(320): CodeIgniter\CodeIgniter->handleRequest()
#13 /app/myapp/public/index.php(37): CodeIgniter\CodeIgniter->run()
#14 {main}
CRITICAL - 2022-01-25 21:25:49 --> Declaration of app\Models\Basic::insert($table, $data) should be compatible with CodeIgniter\Model::insert($data = NULL, bool $returnID = true)
#0 /app/myapp/app/Models/Basic.php(7): CodeIgniter\Debug\Exceptions->errorHandler()
#1 /app/myapp/system/Autoloader/Autoloader.php(264): include_once('/app/myapp/app/...')
#2 /app/myapp/system/Autoloader/Autoloader.php(241): CodeIgniter\Autoloader\Autoloader->includeFile()
#3 /app/myapp/system/Autoloader/Autoloader.php(219): CodeIgniter\Autoloader\Autoloader->loadInNamespace()
#4 [internal function]: CodeIgniter\Autoloader\Autoloader->loadClass()
#5 [internal function]: spl_autoload_call()
#6 /app/myapp/system/Config/Factories.php(136): class_exists()
#7 /app/myapp/system/Config/Factories.php(106): CodeIgniter\Config\Factories::locateClass()
#8 /app/myapp/system/Common.php(780): CodeIgniter\Config\Factories::__callStatic()
#9 /app/myapp/app/Controllers/Home.php(9): model()
#10 /app/myapp/system/CodeIgniter.php(825): App\Controllers\Home->index()
#11 /app/myapp/system/CodeIgniter.php(412): CodeIgniter\CodeIgniter->runController()
#12 /app/myapp/system/CodeIgniter.php(320): CodeIgniter\CodeIgniter->handleRequest()
#13 /app/myapp/public/index.php(37): CodeIgniter\CodeIgniter->run()
#14 {main}
CRITICAL - 2022-01-25 21:25:55 --> Declaration of app\Models\Basic::insert($table, $data) should be compatible with CodeIgniter\Model::insert($data = NULL, bool $returnID = true)
#0 /app/myapp/app/Models/Basic.php(7): CodeIgniter\Debug\Exceptions->errorHandler()
#1 /app/myapp/system/Autoloader/Autoloader.php(264): include_once('/app/myapp/app/...')
#2 /app/myapp/system/Autoloader/Autoloader.php(241): CodeIgniter\Autoloader\Autoloader->includeFile()
#3 /app/myapp/system/Autoloader/Autoloader.php(219): CodeIgniter\Autoloader\Autoloader->loadInNamespace()
#4 [internal function]: CodeIgniter\Autoloader\Autoloader->loadClass()
#5 [internal function]: spl_autoload_call()
#6 /app/myapp/system/Config/Factories.php(136): class_exists()
#7 /app/myapp/system/Config/Factories.php(106): CodeIgniter\Config\Factories::locateClass()
#8 /app/myapp/system/Common.php(780): CodeIgniter\Config\Factories::__callStatic()
#9 /app/myapp/app/Controllers/Home.php(9): model()
#10 /app/myapp/system/CodeIgniter.php(825): App\Controllers\Home->index()
#11 /app/myapp/system/CodeIgniter.php(412): CodeIgniter\CodeIgniter->runController()
#12 /app/myapp/system/CodeIgniter.php(320): CodeIgniter\CodeIgniter->handleRequest()
#13 /app/myapp/public/index.php(37): CodeIgniter\CodeIgniter->run()
#14 {main}
CRITICAL - 2022-01-25 21:26:02 --> Declaration of app\Models\Basic::insert($table, $data) should be compatible with CodeIgniter\Model::insert($data = NULL, bool $returnID = true)
#0 /app/myapp/app/Models/Basic.php(7): CodeIgniter\Debug\Exceptions->errorHandler()
#1 /app/myapp/system/Autoloader/Autoloader.php(264): include_once('/app/myapp/app/...')
#2 /app/myapp/system/Autoloader/Autoloader.php(241): CodeIgniter\Autoloader\Autoloader->includeFile()
#3 /app/myapp/system/Autoloader/Autoloader.php(219): CodeIgniter\Autoloader\Autoloader->loadInNamespace()
#4 [internal function]: CodeIgniter\Autoloader\Autoloader->loadClass()
#5 [internal function]: spl_autoload_call()
#6 /app/myapp/system/Config/Factories.php(136): class_exists()
#7 /app/myapp/system/Config/Factories.php(106): CodeIgniter\Config\Factories::locateClass()
#8 /app/myapp/system/Common.php(780): CodeIgniter\Config\Factories::__callStatic()
#9 /app/myapp/app/Controllers/Home.php(9): model()
#10 /app/myapp/system/CodeIgniter.php(825): App\Controllers\Home->index()
#11 /app/myapp/system/CodeIgniter.php(412): CodeIgniter\CodeIgniter->runController()
#12 /app/myapp/system/CodeIgniter.php(320): CodeIgniter\CodeIgniter->handleRequest()
#13 /app/myapp/public/index.php(37): CodeIgniter\CodeIgniter->run()
#14 {main}
CRITICAL - 2022-01-25 21:26:40 --> Declaration of app\Models\Basic::insert($table, $data) should be compatible with CodeIgniter\Model::insert($data = NULL, bool $returnID = true)
#0 /app/myapp/app/Models/Basic.php(7): CodeIgniter\Debug\Exceptions->errorHandler()
#1 /app/myapp/system/Autoloader/Autoloader.php(264): include_once('/app/myapp/app/...')
#2 /app/myapp/system/Autoloader/Autoloader.php(241): CodeIgniter\Autoloader\Autoloader->includeFile()
#3 /app/myapp/system/Autoloader/Autoloader.php(219): CodeIgniter\Autoloader\Autoloader->loadInNamespace()
#4 [internal function]: CodeIgniter\Autoloader\Autoloader->loadClass()
#5 [internal function]: spl_autoload_call()
#6 /app/myapp/system/Config/Factories.php(136): class_exists()
#7 /app/myapp/system/Config/Factories.php(106): CodeIgniter\Config\Factories::locateClass()
#8 /app/myapp/system/Common.php(780): CodeIgniter\Config\Factories::__callStatic()
#9 /app/myapp/app/Controllers/Home.php(9): model()
#10 /app/myapp/system/CodeIgniter.php(825): App\Controllers\Home->index()
#11 /app/myapp/system/CodeIgniter.php(412): CodeIgniter\CodeIgniter->runController()
#12 /app/myapp/system/CodeIgniter.php(320): CodeIgniter\CodeIgniter->handleRequest()
#13 /app/myapp/public/index.php(37): CodeIgniter\CodeIgniter->run()
#14 {main}
CRITICAL - 2022-01-25 21:26:43 --> Declaration of app\Models\Basic::insert($table, $data) should be compatible with CodeIgniter\Model::insert($data = NULL, bool $returnID = true)
#0 /app/myapp/app/Models/Basic.php(7): CodeIgniter\Debug\Exceptions->errorHandler()
#1 /app/myapp/system/Autoloader/Autoloader.php(264): include_once('/app/myapp/app/...')
#2 /app/myapp/system/Autoloader/Autoloader.php(241): CodeIgniter\Autoloader\Autoloader->includeFile()
#3 /app/myapp/system/Autoloader/Autoloader.php(219): CodeIgniter\Autoloader\Autoloader->loadInNamespace()
#4 [internal function]: CodeIgniter\Autoloader\Autoloader->loadClass()
#5 [internal function]: spl_autoload_call()
#6 /app/myapp/system/Config/Factories.php(136): class_exists()
#7 /app/myapp/system/Config/Factories.php(106): CodeIgniter\Config\Factories::locateClass()
#8 /app/myapp/system/Common.php(780): CodeIgniter\Config\Factories::__callStatic()
#9 /app/myapp/app/Controllers/Home.php(9): model()
#10 /app/myapp/system/CodeIgniter.php(825): App\Controllers\Home->index()
#11 /app/myapp/system/CodeIgniter.php(412): CodeIgniter\CodeIgniter->runController()
#12 /app/myapp/system/CodeIgniter.php(320): CodeIgniter\CodeIgniter->handleRequest()
#13 /app/myapp/public/index.php(37): CodeIgniter\CodeIgniter->run()
#14 {main}
CRITICAL - 2022-01-25 21:26:45 --> Declaration of app\Models\Basic::insert($table, $data) should be compatible with CodeIgniter\Model::insert($data = NULL, bool $returnID = true)
#0 /app/myapp/app/Models/Basic.php(7): CodeIgniter\Debug\Exceptions->errorHandler()
#1 /app/myapp/system/Autoloader/Autoloader.php(264): include_once('/app/myapp/app/...')
#2 /app/myapp/system/Autoloader/Autoloader.php(241): CodeIgniter\Autoloader\Autoloader->includeFile()
#3 /app/myapp/system/Autoloader/Autoloader.php(219): CodeIgniter\Autoloader\Autoloader->loadInNamespace()
#4 [internal function]: CodeIgniter\Autoloader\Autoloader->loadClass()
#5 [internal function]: spl_autoload_call()
#6 /app/myapp/system/Config/Factories.php(136): class_exists()
#7 /app/myapp/system/Config/Factories.php(106): CodeIgniter\Config\Factories::locateClass()
#8 /app/myapp/system/Common.php(780): CodeIgniter\Config\Factories::__callStatic()
#9 /app/myapp/app/Controllers/Home.php(9): model()
#10 /app/myapp/system/CodeIgniter.php(825): App\Controllers\Home->index()
#11 /app/myapp/system/CodeIgniter.php(412): CodeIgniter\CodeIgniter->runController()
#12 /app/myapp/system/CodeIgniter.php(320): CodeIgniter\CodeIgniter->handleRequest()
#13 /app/myapp/public/index.php(37): CodeIgniter\CodeIgniter->run()
#14 {main}
CRITICAL - 2022-01-25 21:27:55 --> Declaration of app\Models\Basic::insert($table, $data) should be compatible with CodeIgniter\Model::insert($data = NULL, bool $returnID = true)
#0 /app/myapp/app/Models/Basic.php(7): CodeIgniter\Debug\Exceptions->errorHandler()
#1 /app/myapp/system/Autoloader/Autoloader.php(264): include_once('/app/myapp/app/...')
#2 /app/myapp/system/Autoloader/Autoloader.php(241): CodeIgniter\Autoloader\Autoloader->includeFile()
#3 /app/myapp/system/Autoloader/Autoloader.php(219): CodeIgniter\Autoloader\Autoloader->loadInNamespace()
#4 [internal function]: CodeIgniter\Autoloader\Autoloader->loadClass()
#5 [internal function]: spl_autoload_call()
#6 /app/myapp/system/Config/Factories.php(136): class_exists()
#7 /app/myapp/system/Config/Factories.php(106): CodeIgniter\Config\Factories::locateClass()
#8 /app/myapp/system/Common.php(780): CodeIgniter\Config\Factories::__callStatic()
#9 /app/myapp/app/Controllers/Home.php(9): model()
#10 /app/myapp/system/CodeIgniter.php(825): App\Controllers\Home->index()
#11 /app/myapp/system/CodeIgniter.php(412): CodeIgniter\CodeIgniter->runController()
#12 /app/myapp/system/CodeIgniter.php(320): CodeIgniter\CodeIgniter->handleRequest()
#13 /app/myapp/public/index.php(37): CodeIgniter\CodeIgniter->run()
#14 {main}
CRITICAL - 2022-01-25 21:28:04 --> Declaration of app\Models\Basic::insert($data) should be compatible with CodeIgniter\Model::insert($data = NULL, bool $returnID = true)
#0 /app/myapp/app/Models/Basic.php(7): CodeIgniter\Debug\Exceptions->errorHandler()
#1 /app/myapp/system/Autoloader/Autoloader.php(264): include_once('/app/myapp/app/...')
#2 /app/myapp/system/Autoloader/Autoloader.php(241): CodeIgniter\Autoloader\Autoloader->includeFile()
#3 /app/myapp/system/Autoloader/Autoloader.php(219): CodeIgniter\Autoloader\Autoloader->loadInNamespace()
#4 [internal function]: CodeIgniter\Autoloader\Autoloader->loadClass()
#5 [internal function]: spl_autoload_call()
#6 /app/myapp/system/Config/Factories.php(136): class_exists()
#7 /app/myapp/system/Config/Factories.php(106): CodeIgniter\Config\Factories::locateClass()
#8 /app/myapp/system/Common.php(780): CodeIgniter\Config\Factories::__callStatic()
#9 /app/myapp/app/Controllers/Home.php(9): model()
#10 /app/myapp/system/CodeIgniter.php(825): App\Controllers\Home->index()
#11 /app/myapp/system/CodeIgniter.php(412): CodeIgniter\CodeIgniter->runController()
#12 /app/myapp/system/CodeIgniter.php(320): CodeIgniter\CodeIgniter->handleRequest()
#13 /app/myapp/public/index.php(37): CodeIgniter\CodeIgniter->run()
#14 {main}
CRITICAL - 2022-01-25 21:29:57 --> Declaration of app\Models\Basic::insert($data) should be compatible with CodeIgniter\Model::insert($data = NULL, bool $returnID = true)
#0 /app/myapp/app/Models/Basic.php(7): CodeIgniter\Debug\Exceptions->errorHandler()
#1 /app/myapp/system/Autoloader/Autoloader.php(264): include_once('/app/myapp/app/...')
#2 /app/myapp/system/Autoloader/Autoloader.php(241): CodeIgniter\Autoloader\Autoloader->includeFile()
#3 /app/myapp/system/Autoloader/Autoloader.php(219): CodeIgniter\Autoloader\Autoloader->loadInNamespace()
#4 [internal function]: CodeIgniter\Autoloader\Autoloader->loadClass()
#5 [internal function]: spl_autoload_call()
#6 /app/myapp/system/Config/Factories.php(136): class_exists()
#7 /app/myapp/system/Config/Factories.php(106): CodeIgniter\Config\Factories::locateClass()
#8 /app/myapp/system/Common.php(780): CodeIgniter\Config\Factories::__callStatic()
#9 /app/myapp/app/Controllers/Home.php(9): model()
#10 /app/myapp/system/CodeIgniter.php(825): App\Controllers\Home->index()
#11 /app/myapp/system/CodeIgniter.php(412): CodeIgniter\CodeIgniter->runController()
#12 /app/myapp/system/CodeIgniter.php(320): CodeIgniter\CodeIgniter->handleRequest()
#13 /app/myapp/public/index.php(37): CodeIgniter\CodeIgniter->run()
#14 {main}
CRITICAL - 2022-01-25 21:32:07 --> Declaration of app\Models\Basic::insert($data) should be compatible with CodeIgniter\Model::insert($data = NULL, bool $returnID = true)
#0 /app/myapp/app/Models/Basic.php(7): CodeIgniter\Debug\Exceptions->errorHandler()
#1 /app/myapp/system/Autoloader/Autoloader.php(264): include_once('/app/myapp/app/...')
#2 /app/myapp/system/Autoloader/Autoloader.php(241): CodeIgniter\Autoloader\Autoloader->includeFile()
#3 /app/myapp/system/Autoloader/Autoloader.php(219): CodeIgniter\Autoloader\Autoloader->loadInNamespace()
#4 [internal function]: CodeIgniter\Autoloader\Autoloader->loadClass()
#5 [internal function]: spl_autoload_call()
#6 /app/myapp/system/Config/Factories.php(136): class_exists()
#7 /app/myapp/system/Config/Factories.php(106): CodeIgniter\Config\Factories::locateClass()
#8 /app/myapp/system/Common.php(780): CodeIgniter\Config\Factories::__callStatic()
#9 /app/myapp/app/Controllers/Home.php(9): model()
#10 /app/myapp/system/CodeIgniter.php(825): App\Controllers\Home->index()
#11 /app/myapp/system/CodeIgniter.php(412): CodeIgniter\CodeIgniter->runController()
#12 /app/myapp/system/CodeIgniter.php(320): CodeIgniter\CodeIgniter->handleRequest()
#13 /app/myapp/public/index.php(37): CodeIgniter\CodeIgniter->run()
#14 {main}
CRITICAL - 2022-01-25 21:32:13 --> Declaration of app\Models\Basic::insert($data) should be compatible with CodeIgniter\Model::insert($data = NULL, bool $returnID = true)
#0 /app/myapp/app/Models/Basic.php(7): CodeIgniter\Debug\Exceptions->errorHandler()
#1 /app/myapp/system/Autoloader/Autoloader.php(264): include_once('/app/myapp/app/...')
#2 /app/myapp/system/Autoloader/Autoloader.php(241): CodeIgniter\Autoloader\Autoloader->includeFile()
#3 /app/myapp/system/Autoloader/Autoloader.php(219): CodeIgniter\Autoloader\Autoloader->loadInNamespace()
#4 [internal function]: CodeIgniter\Autoloader\Autoloader->loadClass()
#5 [internal function]: spl_autoload_call()
#6 /app/myapp/system/Config/Factories.php(136): class_exists()
#7 /app/myapp/system/Config/Factories.php(106): CodeIgniter\Config\Factories::locateClass()
#8 /app/myapp/system/Common.php(780): CodeIgniter\Config\Factories::__callStatic()
#9 /app/myapp/app/Controllers/Home.php(9): model()
#10 /app/myapp/system/CodeIgniter.php(825): App\Controllers\Home->index()
#11 /app/myapp/system/CodeIgniter.php(412): CodeIgniter\CodeIgniter->runController()
#12 /app/myapp/system/CodeIgniter.php(320): CodeIgniter\CodeIgniter->handleRequest()
#13 /app/myapp/public/index.php(37): CodeIgniter\CodeIgniter->run()
#14 {main}
ERROR - 2022-01-25 21:53:01 --> Error connecting to the database: Unknown database 'mydb'
CRITICAL - 2022-01-25 21:53:01 --> Unable to connect to the database.
Main connection [MySQLi]: Unknown database 'mydb'
#0 /app/myapp/system/Database/BaseConnection.php(577): CodeIgniter\Database\BaseConnection->initialize()
#1 /app/myapp/system/Database/BaseBuilder.php(1771): CodeIgniter\Database\BaseConnection->query()
#2 /app/myapp/system/Model.php(239): CodeIgniter\Database\BaseBuilder->insert()
#3 /app/myapp/system/BaseModel.php(738): CodeIgniter\Model->doInsert()
#4 /app/myapp/system/Model.php(625): CodeIgniter\BaseModel->insert()
#5 /app/myapp/app/Controllers/Home.php(16): CodeIgniter\Model->insert()
#6 /app/myapp/system/CodeIgniter.php(825): App\Controllers\Home->index()
#7 /app/myapp/system/CodeIgniter.php(412): CodeIgniter\CodeIgniter->runController()
#8 /app/myapp/system/CodeIgniter.php(320): CodeIgniter\CodeIgniter->handleRequest()
#9 /app/myapp/public/index.php(37): CodeIgniter\CodeIgniter->run()
#10 {main}
CRITICAL - 2022-01-25 22:33:20 --> Call to a member function render() on null
#0 /app/myapp/system/CodeIgniter.php(825): App\Controllers\Home->index()
#1 /app/myapp/system/CodeIgniter.php(412): CodeIgniter\CodeIgniter->runController()
#2 /app/myapp/system/CodeIgniter.php(320): CodeIgniter\CodeIgniter->handleRequest()
#3 /app/myapp/public/index.php(37): CodeIgniter\CodeIgniter->run()
#4 {main}
CRITICAL - 2022-01-25 22:33:42 --> Call to a member function show() on null
#0 /app/myapp/system/CodeIgniter.php(825): App\Controllers\Home->index()
#1 /app/myapp/system/CodeIgniter.php(412): CodeIgniter\CodeIgniter->runController()
#2 /app/myapp/system/CodeIgniter.php(320): CodeIgniter\CodeIgniter->handleRequest()
#3 /app/myapp/public/index.php(37): CodeIgniter\CodeIgniter->run()
#4 {main}
CRITICAL - 2022-01-25 22:34:02 --> Call to a member function show() on null
#0 /app/myapp/system/CodeIgniter.php(825): App\Controllers\Home->index()
#1 /app/myapp/system/CodeIgniter.php(412): CodeIgniter\CodeIgniter->runController()
#2 /app/myapp/system/CodeIgniter.php(320): CodeIgniter\CodeIgniter->handleRequest()
#3 /app/myapp/public/index.php(37): CodeIgniter\CodeIgniter->run()
#4 {main}
CRITICAL - 2022-01-25 22:35:18 --> Call to a member function show() on null
#0 /app/myapp/system/CodeIgniter.php(825): App\Controllers\Home->index()
#1 /app/myapp/system/CodeIgniter.php(412): CodeIgniter\CodeIgniter->runController()
#2 /app/myapp/system/CodeIgniter.php(320): CodeIgniter\CodeIgniter->handleRequest()
#3 /app/myapp/public/index.php(37): CodeIgniter\CodeIgniter->run()
#4 {main}
CRITICAL - 2022-01-25 22:38:47 --> Call to a member function show() on null
#0 /app/myapp/system/CodeIgniter.php(825): App\Controllers\Home->index()
#1 /app/myapp/system/CodeIgniter.php(412): CodeIgniter\CodeIgniter->runController()
#2 /app/myapp/system/CodeIgniter.php(320): CodeIgniter\CodeIgniter->handleRequest()
#3 /app/myapp/public/index.php(37): CodeIgniter\CodeIgniter->run()
#4 {main}
ERROR - 2022-01-25 22:43:48 --> Duplicate entry '1' for key 'PRIMARY'
ERROR - 2022-01-25 22:47:11 --> Duplicate entry '1' for key 'PRIMARY'
ERROR - 2022-01-25 22:47:41 --> Duplicate entry '1' for key 'PRIMARY'
CRITICAL - 2022-01-25 22:47:48 --> Call to undefined function App\Libraries\get_instance()
#0 /app/myapp/app/Controllers/Home.php(16): App\Libraries\Template->show()
#1 /app/myapp/system/CodeIgniter.php(825): App\Controllers\Home->index()
#2 /app/myapp/system/CodeIgniter.php(412): CodeIgniter\CodeIgniter->runController()
#3 /app/myapp/system/CodeIgniter.php(320): CodeIgniter\CodeIgniter->handleRequest()
#4 /app/myapp/public/index.php(37): CodeIgniter\CodeIgniter->run()
#5 {main}
CRITICAL - 2022-01-25 22:49:08 --> Class 'App\Libraries\Template' not found
#0 /app/myapp/system/CodeIgniter.php(825): App\Controllers\Home->index()
#1 /app/myapp/system/CodeIgniter.php(412): CodeIgniter\CodeIgniter->runController()
#2 /app/myapp/system/CodeIgniter.php(320): CodeIgniter\CodeIgniter->handleRequest()
#3 /app/myapp/public/index.php(37): CodeIgniter\CodeIgniter->run()
#4 {main}
CRITICAL - 2022-01-25 22:49:31 --> Call to undefined function App\Libraries\get_instance()
#0 /app/myapp/app/Controllers/Home.php(16): App\Libraries\Template->show()
#1 /app/myapp/system/CodeIgniter.php(825): App\Controllers\Home->index()
#2 /app/myapp/system/CodeIgniter.php(412): CodeIgniter\CodeIgniter->runController()
#3 /app/myapp/system/CodeIgniter.php(320): CodeIgniter\CodeIgniter->handleRequest()
#4 /app/myapp/public/index.php(37): CodeIgniter\CodeIgniter->run()
#5 {main}
CRITICAL - 2022-01-25 22:49:44 --> Call to undefined method App\Libraries\Template::get_instance()
#0 /app/myapp/app/Controllers/Home.php(16): App\Libraries\Template->show()
#1 /app/myapp/system/CodeIgniter.php(825): App\Controllers\Home->index()
#2 /app/myapp/system/CodeIgniter.php(412): CodeIgniter\CodeIgniter->runController()
#3 /app/myapp/system/CodeIgniter.php(320): CodeIgniter\CodeIgniter->handleRequest()
#4 /app/myapp/public/index.php(37): CodeIgniter\CodeIgniter->run()
#5 {main}
CRITICAL - 2022-01-25 22:49:54 --> Call to undefined method App\Libraries\Template::get_instance()
#0 /app/myapp/app/Controllers/Home.php(16): App\Libraries\Template->show()
#1 /app/myapp/system/CodeIgniter.php(825): App\Controllers\Home->index()
#2 /app/myapp/system/CodeIgniter.php(412): CodeIgniter\CodeIgniter->runController()
#3 /app/myapp/system/CodeIgniter.php(320): CodeIgniter\CodeIgniter->handleRequest()
#4 /app/myapp/public/index.php(37): CodeIgniter\CodeIgniter->run()
#5 {main}
CRITICAL - 2022-01-25 22:51:00 --> Call to a member function view() on null
#0 /app/myapp/app/Controllers/Home.php(16): App\Libraries\Template->show()
#1 /app/myapp/system/CodeIgniter.php(825): App\Controllers\Home->index()
#2 /app/myapp/system/CodeIgniter.php(412): CodeIgniter\CodeIgniter->runController()
#3 /app/myapp/system/CodeIgniter.php(320): CodeIgniter\CodeIgniter->handleRequest()
#4 /app/myapp/public/index.php(37): CodeIgniter\CodeIgniter->run()
#5 {main}
CRITICAL - 2022-01-25 22:52:24 --> Call to undefined method App\Libraries\Template::view()
#0 /app/myapp/app/Controllers/Home.php(16): App\Libraries\Template->show()
#1 /app/myapp/system/CodeIgniter.php(825): App\Controllers\Home->index()
#2 /app/myapp/system/CodeIgniter.php(412): CodeIgniter\CodeIgniter->runController()
#3 /app/myapp/system/CodeIgniter.php(320): CodeIgniter\CodeIgniter->handleRequest()
#4 /app/myapp/public/index.php(37): CodeIgniter\CodeIgniter->run()
#5 {main}
CRITICAL - 2022-01-25 22:52:41 --> Call to undefined method App\Libraries\Template::view()
#0 /app/myapp/app/Controllers/Home.php(16): App\Libraries\Template->show()
#1 /app/myapp/system/CodeIgniter.php(825): App\Controllers\Home->index()
#2 /app/myapp/system/CodeIgniter.php(412): CodeIgniter\CodeIgniter->runController()
#3 /app/myapp/system/CodeIgniter.php(320): CodeIgniter\CodeIgniter->handleRequest()
#4 /app/myapp/public/index.php(37): CodeIgniter\CodeIgniter->run()
#5 {main}
CRITICAL - 2022-01-25 22:52:48 --> Call to a member function view() on null
#0 /app/myapp/app/Controllers/Home.php(16): App\Libraries\Template->show()
#1 /app/myapp/system/CodeIgniter.php(825): App\Controllers\Home->index()
#2 /app/myapp/system/CodeIgniter.php(412): CodeIgniter\CodeIgniter->runController()
#3 /app/myapp/system/CodeIgniter.php(320): CodeIgniter\CodeIgniter->handleRequest()
#4 /app/myapp/public/index.php(37): CodeIgniter\CodeIgniter->run()
#5 {main}
ERROR - 2022-01-25 22:53:04 --> Duplicate entry '1' for key 'PRIMARY'
ERROR - 2022-01-25 22:53:25 --> Duplicate entry '1' for key 'PRIMARY'
ERROR - 2022-01-25 22:53:39 --> Duplicate entry '1' for key 'PRIMARY'
ERROR - 2022-01-25 22:54:01 --> Duplicate entry '1' for key 'PRIMARY'
ERROR - 2022-01-25 22:54:04 --> Duplicate entry '1' for key 'PRIMARY'
ERROR - 2022-01-25 22:54:45 --> Duplicate entry '1' for key 'PRIMARY'
ERROR - 2022-01-25 22:55:05 --> Duplicate entry '1' for key 'PRIMARY'
ERROR - 2022-01-25 22:55:31 --> Duplicate entry '1' for key 'PRIMARY'
ERROR - 2022-01-25 22:56:02 --> Duplicate entry '1' for key 'PRIMARY'
ERROR - 2022-01-25 22:56:51 --> Duplicate entry '1' for key 'PRIMARY'
